<?xml version="1.0" encoding="UTF-8"?>
<testsuites name="Demo" time="29" tests="1" failures="0" errors="0">
   <testsuite name="Demo" tests="1" failures="0" errors="0" time="29" timestamp="2018-11-21 11:36:06" hostname="longnguyen - LONGNGUYEN.vodc.lan" id="Test Suites/Demo">
      <properties>
         <property name="deviceName" value=""/>
         <property name="devicePlatform" value=""/>
         <property name="logFolder" value="E:\\WORK\\Katalon_CURA Testproject\\Reports\\Demo\\20181121_113601"/>
         <property name="logFiles" value="E:\\WORK\\Katalon_CURA Testproject\\Reports\\Demo\\20181121_113601\\execution0.log"/>
         <property name="attachments" value=""/>
         <property name="hostName" value="longnguyen - LONGNGUYEN.vodc.lan"/>
         <property name="os" value="Windows 10 64bit"/>
         <property name="katalonVersion" value="5.8.6.1"/>
         <property name="browser" value="Chrome 70.0.3538.102"/>
         <property name="dbServerInfo" value="Microsoft SQL Server 12.00.4100"/>
         <property name="hostAddress" value="10.10.10.62"/>
         <property name="sessionId" value="d40860f734bd397244565df3fc5bf68c"/>
         <property name="seleniumVersion" value="3.7.1"/>
         <property name="proxyInformation" value="ProxyInformation{proxyOption=NO_PROXY, proxyServerType=HTTP, password=, proxyServerAddress=, proxyServerPort=0}"/>
         <property name="platform" value="Windows 10"/>
      </properties>
      <testcase name="Test Cases/Demo/DataTable" classname="Test Cases/Demo/DataTable" status="PASSED">
         <system-out><![CDATA[2018-11-21 11:36:09 - [TEST_CASE][PASSED] - Test Cases/Demo/DataTable: Test Cases/Demo/DataTable

2018-11-21 11:36:09 - [TEST_STEP][PASSED] - Start listener action : sampleBeforeTestCase: Invoke 'com.kms.katalon.core.annotation.BeforeTestCase' method: 'NewTestListener.sampleBeforeTestCase(...)' completed.

2018-11-21 11:36:09 - [TEST_STEP][PASSED] - Statement - println(testCaseContext.getTestCaseId()): null

2018-11-21 11:36:09 - [TEST_STEP][PASSED] - Statement - println(testCaseContext.getTestCaseVariables()): Invoke 'com.kms.katalon.core.annotation.BeforeTestCase' method: 'NewTestListener.sampleBeforeTestCase(...)' completed.

2018-11-21 11:36:10 - [TEST_STEP][PASSED] - Statement - print = <not implemented yet for class: org.codehaus.groovy.ast.expr.EmptyExpression>: null

2018-11-21 11:36:10 - [TEST_STEP][PASSED] - openBrowser: Browser is opened with url: ''

2018-11-21 11:36:17 - [MESSAGE][PASSED] - Browser is opened with url: ''

2018-11-21 11:36:17 - [TEST_STEP][PASSED] - navigateToUrl: Navigate to 'file:/E:/WORK/PassPulFramework/PassPul/PassPul/SeleniumEasy/www.seleniumeasy.com/test/table-data-download-demo.html' successfully

2018-11-21 11:36:18 - [MESSAGE][PASSED] - Navigate to 'file:/E:/WORK/PassPulFramework/PassPul/PassPul/SeleniumEasy/www.seleniumeasy.com/test/table-data-download-demo.html' successfully

2018-11-21 11:36:18 - [TEST_STEP][PASSED] - maximizeWindow: Current window maximized

2018-11-21 11:36:20 - [MESSAGE][PASSED] - Current window maximized

2018-11-21 11:36:20 - [TEST_STEP][PASSED] - scrollToPosition: Browser is scrolled to position x = 250, y = 250

2018-11-21 11:36:20 - [MESSAGE][PASSED] - Browser is scrolled to position x = 250, y = 250

2018-11-21 11:36:20 - [TEST_STEP][PASSED] - Statement - driver = com.kms.katalon.core.webui.driver.DriverFactory.getWebDriver(): null

2018-11-21 11:36:20 - [TEST_STEP][PASSED] - Statement - row_table = driver.findElements(org.openqa.selenium.By.xpath(".//*[@id='example']/tbody/tr")): null

2018-11-21 11:36:21 - [TEST_STEP][PASSED] - Statement - row_count = row_table.size(): null

2018-11-21 11:36:21 - [TEST_STEP][PASSED] - Statement - println("No of rows are : " + row_count): null

2018-11-21 11:36:21 - [TEST_STEP][PASSED] - Statement - For ([row = 0, row < row_count, (row++)]): Actual text '$205,500' and expected text '$205,500' are matched 

2018-11-21 11:36:21 - [TEST_STEP][PASSED] - Statement - column_table = row_table.get(row).findElements(org.openqa.selenium.By.tagName("td")): null

2018-11-21 11:36:21 - [TEST_STEP][PASSED] - Statement - column_count = column_table.size(): null

2018-11-21 11:36:21 - [TEST_STEP][PASSED] - Statement - println("No of cell in rows : " + row + " are " + column_count): null

2018-11-21 11:36:21 - [TEST_STEP][PASSED] - Statement - For ([column = 0, column < column_count, (column++)]): Actual text '$162,700' and expected text '$162,700' are matched 

2018-11-21 11:36:21 - [TEST_STEP][PASSED] - Statement - cell_text = column_table.get(column).getText(): null

2018-11-21 11:36:21 - [TEST_STEP][PASSED] - Statement - println("Cell value of row : " + row + " and " + column + " is " + cell_text): null

2018-11-21 11:36:21 - [TEST_STEP][PASSED] - verifyMatch: Actual text 'Airi Satou' and expected text 'Airi Satou' are matched 

2018-11-21 11:36:22 - [MESSAGE][PASSED] - Actual text 'Airi Satou' and expected text 'Airi Satou' are matched 

2018-11-21 11:36:22 - [TEST_STEP][PASSED] - Statement - cell_text = column_table.get(column).getText(): null

2018-11-21 11:36:23 - [TEST_STEP][PASSED] - Statement - println("Cell value of row : " + row + " and " + column + " is " + cell_text): null

2018-11-21 11:36:23 - [TEST_STEP][PASSED] - verifyMatch: Actual text 'Accountant' and expected text 'Accountant' are matched 

2018-11-21 11:36:23 - [MESSAGE][PASSED] - Actual text 'Accountant' and expected text 'Accountant' are matched 

2018-11-21 11:36:23 - [TEST_STEP][PASSED] - Statement - cell_text = column_table.get(column).getText(): null

2018-11-21 11:36:23 - [TEST_STEP][PASSED] - Statement - println("Cell value of row : " + row + " and " + column + " is " + cell_text): null

2018-11-21 11:36:23 - [TEST_STEP][PASSED] - verifyMatch: Actual text 'Tokyo' and expected text 'Tokyo' are matched 

2018-11-21 11:36:23 - [MESSAGE][PASSED] - Actual text 'Tokyo' and expected text 'Tokyo' are matched 

2018-11-21 11:36:23 - [TEST_STEP][PASSED] - Statement - cell_text = column_table.get(column).getText(): null

2018-11-21 11:36:24 - [TEST_STEP][PASSED] - Statement - println("Cell value of row : " + row + " and " + column + " is " + cell_text): null

2018-11-21 11:36:24 - [TEST_STEP][PASSED] - verifyMatch: Actual text '33' and expected text '33' are matched 

2018-11-21 11:36:24 - [MESSAGE][PASSED] - Actual text '33' and expected text '33' are matched 

2018-11-21 11:36:24 - [TEST_STEP][PASSED] - Statement - cell_text = column_table.get(column).getText(): null

2018-11-21 11:36:24 - [TEST_STEP][PASSED] - Statement - println("Cell value of row : " + row + " and " + column + " is " + cell_text): null

2018-11-21 11:36:24 - [TEST_STEP][PASSED] - verifyMatch: Actual text '2008/11/28' and expected text '2008/11/28' are matched 

2018-11-21 11:36:24 - [MESSAGE][PASSED] - Actual text '2008/11/28' and expected text '2008/11/28' are matched 

2018-11-21 11:36:24 - [TEST_STEP][PASSED] - Statement - cell_text = column_table.get(column).getText(): null

2018-11-21 11:36:24 - [TEST_STEP][PASSED] - Statement - println("Cell value of row : " + row + " and " + column + " is " + cell_text): null

2018-11-21 11:36:24 - [TEST_STEP][PASSED] - verifyMatch: Actual text '$162,700' and expected text '$162,700' are matched 

2018-11-21 11:36:24 - [MESSAGE][PASSED] - Actual text '$162,700' and expected text '$162,700' are matched 

2018-11-21 11:36:24 - [TEST_STEP][PASSED] - Statement - column_table = row_table.get(row).findElements(org.openqa.selenium.By.tagName("td")): null

2018-11-21 11:36:24 - [TEST_STEP][PASSED] - Statement - column_count = column_table.size(): null

2018-11-21 11:36:24 - [TEST_STEP][PASSED] - Statement - println("No of cell in rows : " + row + " are " + column_count): null

2018-11-21 11:36:24 - [TEST_STEP][PASSED] - Statement - For ([column = 0, column < column_count, (column++)]): Actual text '$1,200,000' and expected text '$1,200,000' are matched 

2018-11-21 11:36:24 - [TEST_STEP][PASSED] - Statement - cell_text = column_table.get(column).getText(): null

2018-11-21 11:36:24 - [TEST_STEP][PASSED] - Statement - println("Cell value of row : " + row + " and " + column + " is " + cell_text): null

2018-11-21 11:36:24 - [TEST_STEP][PASSED] - verifyMatch: Actual text 'Angelica Ramos' and expected text 'Angelica Ramos' are matched 

2018-11-21 11:36:24 - [MESSAGE][PASSED] - Actual text 'Angelica Ramos' and expected text 'Angelica Ramos' are matched 

2018-11-21 11:36:24 - [TEST_STEP][PASSED] - Statement - cell_text = column_table.get(column).getText(): null

2018-11-21 11:36:24 - [TEST_STEP][PASSED] - Statement - println("Cell value of row : " + row + " and " + column + " is " + cell_text): null

2018-11-21 11:36:24 - [TEST_STEP][PASSED] - verifyMatch: Actual text 'Chief Executive Officer (CEO)' and expected text 'Chief Executive Officer (CEO)' are matched 

2018-11-21 11:36:24 - [MESSAGE][PASSED] - Actual text 'Chief Executive Officer (CEO)' and expected text 'Chief Executive Officer (CEO)' are matched 

2018-11-21 11:36:24 - [TEST_STEP][PASSED] - Statement - cell_text = column_table.get(column).getText(): null

2018-11-21 11:36:25 - [TEST_STEP][PASSED] - Statement - println("Cell value of row : " + row + " and " + column + " is " + cell_text): null

2018-11-21 11:36:25 - [TEST_STEP][PASSED] - verifyMatch: Actual text 'London' and expected text 'London' are matched 

2018-11-21 11:36:25 - [MESSAGE][PASSED] - Actual text 'London' and expected text 'London' are matched 

2018-11-21 11:36:25 - [TEST_STEP][PASSED] - Statement - cell_text = column_table.get(column).getText(): null

2018-11-21 11:36:25 - [TEST_STEP][PASSED] - Statement - println("Cell value of row : " + row + " and " + column + " is " + cell_text): null

2018-11-21 11:36:25 - [TEST_STEP][PASSED] - verifyMatch: Actual text '47' and expected text '47' are matched 

2018-11-21 11:36:25 - [MESSAGE][PASSED] - Actual text '47' and expected text '47' are matched 

2018-11-21 11:36:25 - [TEST_STEP][PASSED] - Statement - cell_text = column_table.get(column).getText(): null

2018-11-21 11:36:25 - [TEST_STEP][PASSED] - Statement - println("Cell value of row : " + row + " and " + column + " is " + cell_text): null

2018-11-21 11:36:25 - [TEST_STEP][PASSED] - verifyMatch: Actual text '2009/10/09' and expected text '2009/10/09' are matched 

2018-11-21 11:36:25 - [MESSAGE][PASSED] - Actual text '2009/10/09' and expected text '2009/10/09' are matched 

2018-11-21 11:36:25 - [TEST_STEP][PASSED] - Statement - cell_text = column_table.get(column).getText(): null

2018-11-21 11:36:25 - [TEST_STEP][PASSED] - Statement - println("Cell value of row : " + row + " and " + column + " is " + cell_text): null

2018-11-21 11:36:25 - [TEST_STEP][PASSED] - verifyMatch: Actual text '$1,200,000' and expected text '$1,200,000' are matched 

2018-11-21 11:36:26 - [MESSAGE][PASSED] - Actual text '$1,200,000' and expected text '$1,200,000' are matched 

2018-11-21 11:36:26 - [TEST_STEP][PASSED] - Statement - column_table = row_table.get(row).findElements(org.openqa.selenium.By.tagName("td")): null

2018-11-21 11:36:26 - [TEST_STEP][PASSED] - Statement - column_count = column_table.size(): null

2018-11-21 11:36:26 - [TEST_STEP][PASSED] - Statement - println("No of cell in rows : " + row + " are " + column_count): null

2018-11-21 11:36:26 - [TEST_STEP][PASSED] - Statement - For ([column = 0, column < column_count, (column++)]): Actual text '$86,000' and expected text '$86,000' are matched 

2018-11-21 11:36:26 - [TEST_STEP][PASSED] - Statement - cell_text = column_table.get(column).getText(): null

2018-11-21 11:36:26 - [TEST_STEP][PASSED] - Statement - println("Cell value of row : " + row + " and " + column + " is " + cell_text): null

2018-11-21 11:36:26 - [TEST_STEP][PASSED] - verifyMatch: Actual text 'Ashton Cox' and expected text 'Ashton Cox' are matched 

2018-11-21 11:36:26 - [MESSAGE][PASSED] - Actual text 'Ashton Cox' and expected text 'Ashton Cox' are matched 

2018-11-21 11:36:26 - [TEST_STEP][PASSED] - Statement - cell_text = column_table.get(column).getText(): null

2018-11-21 11:36:26 - [TEST_STEP][PASSED] - Statement - println("Cell value of row : " + row + " and " + column + " is " + cell_text): null

2018-11-21 11:36:26 - [TEST_STEP][PASSED] - verifyMatch: Actual text 'Junior Technical Author' and expected text 'Junior Technical Author' are matched 

2018-11-21 11:36:27 - [MESSAGE][PASSED] - Actual text 'Junior Technical Author' and expected text 'Junior Technical Author' are matched 

2018-11-21 11:36:27 - [TEST_STEP][PASSED] - Statement - cell_text = column_table.get(column).getText(): null

2018-11-21 11:36:27 - [TEST_STEP][PASSED] - Statement - println("Cell value of row : " + row + " and " + column + " is " + cell_text): null

2018-11-21 11:36:27 - [TEST_STEP][PASSED] - verifyMatch: Actual text 'San Francisco' and expected text 'San Francisco' are matched 

2018-11-21 11:36:27 - [MESSAGE][PASSED] - Actual text 'San Francisco' and expected text 'San Francisco' are matched 

2018-11-21 11:36:27 - [TEST_STEP][PASSED] - Statement - cell_text = column_table.get(column).getText(): null

2018-11-21 11:36:27 - [TEST_STEP][PASSED] - Statement - println("Cell value of row : " + row + " and " + column + " is " + cell_text): null

2018-11-21 11:36:27 - [TEST_STEP][PASSED] - verifyMatch: Actual text '66' and expected text '66' are matched 

2018-11-21 11:36:27 - [MESSAGE][PASSED] - Actual text '66' and expected text '66' are matched 

2018-11-21 11:36:27 - [TEST_STEP][PASSED] - Statement - cell_text = column_table.get(column).getText(): null

2018-11-21 11:36:27 - [TEST_STEP][PASSED] - Statement - println("Cell value of row : " + row + " and " + column + " is " + cell_text): null

2018-11-21 11:36:27 - [TEST_STEP][PASSED] - verifyMatch: Actual text '2009/01/12' and expected text '2009/01/12' are matched 

2018-11-21 11:36:27 - [MESSAGE][PASSED] - Actual text '2009/01/12' and expected text '2009/01/12' are matched 

2018-11-21 11:36:27 - [TEST_STEP][PASSED] - Statement - cell_text = column_table.get(column).getText(): null

2018-11-21 11:36:27 - [TEST_STEP][PASSED] - Statement - println("Cell value of row : " + row + " and " + column + " is " + cell_text): null

2018-11-21 11:36:27 - [TEST_STEP][PASSED] - verifyMatch: Actual text '$86,000' and expected text '$86,000' are matched 

2018-11-21 11:36:27 - [MESSAGE][PASSED] - Actual text '$86,000' and expected text '$86,000' are matched 

2018-11-21 11:36:27 - [TEST_STEP][PASSED] - Statement - column_table = row_table.get(row).findElements(org.openqa.selenium.By.tagName("td")): null

2018-11-21 11:36:27 - [TEST_STEP][PASSED] - Statement - column_count = column_table.size(): null

2018-11-21 11:36:27 - [TEST_STEP][PASSED] - Statement - println("No of cell in rows : " + row + " are " + column_count): null

2018-11-21 11:36:27 - [TEST_STEP][PASSED] - Statement - For ([column = 0, column < column_count, (column++)]): Actual text '$132,000' and expected text '$132,000' are matched 

2018-11-21 11:36:27 - [TEST_STEP][PASSED] - Statement - cell_text = column_table.get(column).getText(): null

2018-11-21 11:36:27 - [TEST_STEP][PASSED] - Statement - println("Cell value of row : " + row + " and " + column + " is " + cell_text): null

2018-11-21 11:36:27 - [TEST_STEP][PASSED] - verifyMatch: Actual text 'Bradley Greer' and expected text 'Bradley Greer' are matched 

2018-11-21 11:36:28 - [MESSAGE][PASSED] - Actual text 'Bradley Greer' and expected text 'Bradley Greer' are matched 

2018-11-21 11:36:28 - [TEST_STEP][PASSED] - Statement - cell_text = column_table.get(column).getText(): null

2018-11-21 11:36:28 - [TEST_STEP][PASSED] - Statement - println("Cell value of row : " + row + " and " + column + " is " + cell_text): null

2018-11-21 11:36:28 - [TEST_STEP][PASSED] - verifyMatch: Actual text 'Software Engineer' and expected text 'Software Engineer' are matched 

2018-11-21 11:36:28 - [MESSAGE][PASSED] - Actual text 'Software Engineer' and expected text 'Software Engineer' are matched 

2018-11-21 11:36:28 - [TEST_STEP][PASSED] - Statement - cell_text = column_table.get(column).getText(): null

2018-11-21 11:36:28 - [TEST_STEP][PASSED] - Statement - println("Cell value of row : " + row + " and " + column + " is " + cell_text): null

2018-11-21 11:36:28 - [TEST_STEP][PASSED] - verifyMatch: Actual text 'London' and expected text 'London' are matched 

2018-11-21 11:36:28 - [MESSAGE][PASSED] - Actual text 'London' and expected text 'London' are matched 

2018-11-21 11:36:28 - [TEST_STEP][PASSED] - Statement - cell_text = column_table.get(column).getText(): null

2018-11-21 11:36:28 - [TEST_STEP][PASSED] - Statement - println("Cell value of row : " + row + " and " + column + " is " + cell_text): null

2018-11-21 11:36:28 - [TEST_STEP][PASSED] - verifyMatch: Actual text '41' and expected text '41' are matched 

2018-11-21 11:36:28 - [MESSAGE][PASSED] - Actual text '41' and expected text '41' are matched 

2018-11-21 11:36:28 - [TEST_STEP][PASSED] - Statement - cell_text = column_table.get(column).getText(): null

2018-11-21 11:36:28 - [TEST_STEP][PASSED] - Statement - println("Cell value of row : " + row + " and " + column + " is " + cell_text): null

2018-11-21 11:36:28 - [TEST_STEP][PASSED] - verifyMatch: Actual text '2012/10/13' and expected text '2012/10/13' are matched 

2018-11-21 11:36:28 - [MESSAGE][PASSED] - Actual text '2012/10/13' and expected text '2012/10/13' are matched 

2018-11-21 11:36:28 - [TEST_STEP][PASSED] - Statement - cell_text = column_table.get(column).getText(): null

2018-11-21 11:36:28 - [TEST_STEP][PASSED] - Statement - println("Cell value of row : " + row + " and " + column + " is " + cell_text): null

2018-11-21 11:36:28 - [TEST_STEP][PASSED] - verifyMatch: Actual text '$132,000' and expected text '$132,000' are matched 

2018-11-21 11:36:28 - [MESSAGE][PASSED] - Actual text '$132,000' and expected text '$132,000' are matched 

2018-11-21 11:36:28 - [TEST_STEP][PASSED] - Statement - column_table = row_table.get(row).findElements(org.openqa.selenium.By.tagName("td")): null

2018-11-21 11:36:28 - [TEST_STEP][PASSED] - Statement - column_count = column_table.size(): null

2018-11-21 11:36:28 - [TEST_STEP][PASSED] - Statement - println("No of cell in rows : " + row + " are " + column_count): null

2018-11-21 11:36:28 - [TEST_STEP][PASSED] - Statement - For ([column = 0, column < column_count, (column++)]): Actual text '$206,850' and expected text '$206,850' are matched 

2018-11-21 11:36:28 - [TEST_STEP][PASSED] - Statement - cell_text = column_table.get(column).getText(): null

2018-11-21 11:36:28 - [TEST_STEP][PASSED] - Statement - println("Cell value of row : " + row + " and " + column + " is " + cell_text): null

2018-11-21 11:36:28 - [TEST_STEP][PASSED] - verifyMatch: Actual text 'Brenden Wagner' and expected text 'Brenden Wagner' are matched 

2018-11-21 11:36:29 - [MESSAGE][PASSED] - Actual text 'Brenden Wagner' and expected text 'Brenden Wagner' are matched 

2018-11-21 11:36:29 - [TEST_STEP][PASSED] - Statement - cell_text = column_table.get(column).getText(): null

2018-11-21 11:36:29 - [TEST_STEP][PASSED] - Statement - println("Cell value of row : " + row + " and " + column + " is " + cell_text): null

2018-11-21 11:36:29 - [TEST_STEP][PASSED] - verifyMatch: Actual text 'Software Engineer' and expected text 'Software Engineer' are matched 

2018-11-21 11:36:29 - [MESSAGE][PASSED] - Actual text 'Software Engineer' and expected text 'Software Engineer' are matched 

2018-11-21 11:36:29 - [TEST_STEP][PASSED] - Statement - cell_text = column_table.get(column).getText(): null

2018-11-21 11:36:29 - [TEST_STEP][PASSED] - Statement - println("Cell value of row : " + row + " and " + column + " is " + cell_text): null

2018-11-21 11:36:29 - [TEST_STEP][PASSED] - verifyMatch: Actual text 'San Francisco' and expected text 'San Francisco' are matched 

2018-11-21 11:36:29 - [MESSAGE][PASSED] - Actual text 'San Francisco' and expected text 'San Francisco' are matched 

2018-11-21 11:36:29 - [TEST_STEP][PASSED] - Statement - cell_text = column_table.get(column).getText(): null

2018-11-21 11:36:29 - [TEST_STEP][PASSED] - Statement - println("Cell value of row : " + row + " and " + column + " is " + cell_text): null

2018-11-21 11:36:29 - [TEST_STEP][PASSED] - verifyMatch: Actual text '28' and expected text '28' are matched 

2018-11-21 11:36:29 - [MESSAGE][PASSED] - Actual text '28' and expected text '28' are matched 

2018-11-21 11:36:29 - [TEST_STEP][PASSED] - Statement - cell_text = column_table.get(column).getText(): null

2018-11-21 11:36:29 - [TEST_STEP][PASSED] - Statement - println("Cell value of row : " + row + " and " + column + " is " + cell_text): null

2018-11-21 11:36:29 - [TEST_STEP][PASSED] - verifyMatch: Actual text '2011/06/07' and expected text '2011/06/07' are matched 

2018-11-21 11:36:29 - [MESSAGE][PASSED] - Actual text '2011/06/07' and expected text '2011/06/07' are matched 

2018-11-21 11:36:29 - [TEST_STEP][PASSED] - Statement - cell_text = column_table.get(column).getText(): null

2018-11-21 11:36:29 - [TEST_STEP][PASSED] - Statement - println("Cell value of row : " + row + " and " + column + " is " + cell_text): null

2018-11-21 11:36:29 - [TEST_STEP][PASSED] - verifyMatch: Actual text '$206,850' and expected text '$206,850' are matched 

2018-11-21 11:36:30 - [MESSAGE][PASSED] - Actual text '$206,850' and expected text '$206,850' are matched 

2018-11-21 11:36:30 - [TEST_STEP][PASSED] - Statement - column_table = row_table.get(row).findElements(org.openqa.selenium.By.tagName("td")): null

2018-11-21 11:36:30 - [TEST_STEP][PASSED] - Statement - column_count = column_table.size(): null

2018-11-21 11:36:30 - [TEST_STEP][PASSED] - Statement - println("No of cell in rows : " + row + " are " + column_count): null

2018-11-21 11:36:30 - [TEST_STEP][PASSED] - Statement - For ([column = 0, column < column_count, (column++)]): Actual text '$372,000' and expected text '$372,000' are matched 

2018-11-21 11:36:30 - [TEST_STEP][PASSED] - Statement - cell_text = column_table.get(column).getText(): null

2018-11-21 11:36:30 - [TEST_STEP][PASSED] - Statement - println("Cell value of row : " + row + " and " + column + " is " + cell_text): null

2018-11-21 11:36:30 - [TEST_STEP][PASSED] - verifyMatch: Actual text 'Brielle Williamson' and expected text 'Brielle Williamson' are matched 

2018-11-21 11:36:30 - [MESSAGE][PASSED] - Actual text 'Brielle Williamson' and expected text 'Brielle Williamson' are matched 

2018-11-21 11:36:30 - [TEST_STEP][PASSED] - Statement - cell_text = column_table.get(column).getText(): null

2018-11-21 11:36:30 - [TEST_STEP][PASSED] - Statement - println("Cell value of row : " + row + " and " + column + " is " + cell_text): null

2018-11-21 11:36:30 - [TEST_STEP][PASSED] - verifyMatch: Actual text 'Integration Specialist' and expected text 'Integration Specialist' are matched 

2018-11-21 11:36:30 - [MESSAGE][PASSED] - Actual text 'Integration Specialist' and expected text 'Integration Specialist' are matched 

2018-11-21 11:36:30 - [TEST_STEP][PASSED] - Statement - cell_text = column_table.get(column).getText(): null

2018-11-21 11:36:31 - [TEST_STEP][PASSED] - Statement - println("Cell value of row : " + row + " and " + column + " is " + cell_text): null

2018-11-21 11:36:31 - [TEST_STEP][PASSED] - verifyMatch: Actual text 'New York' and expected text 'New York' are matched 

2018-11-21 11:36:31 - [MESSAGE][PASSED] - Actual text 'New York' and expected text 'New York' are matched 

2018-11-21 11:36:31 - [TEST_STEP][PASSED] - Statement - cell_text = column_table.get(column).getText(): null

2018-11-21 11:36:31 - [TEST_STEP][PASSED] - Statement - println("Cell value of row : " + row + " and " + column + " is " + cell_text): null

2018-11-21 11:36:31 - [TEST_STEP][PASSED] - verifyMatch: Actual text '61' and expected text '61' are matched 

2018-11-21 11:36:31 - [MESSAGE][PASSED] - Actual text '61' and expected text '61' are matched 

2018-11-21 11:36:31 - [TEST_STEP][PASSED] - Statement - cell_text = column_table.get(column).getText(): null

2018-11-21 11:36:31 - [TEST_STEP][PASSED] - Statement - println("Cell value of row : " + row + " and " + column + " is " + cell_text): null

2018-11-21 11:36:31 - [TEST_STEP][PASSED] - verifyMatch: Actual text '2012/12/02' and expected text '2012/12/02' are matched 

2018-11-21 11:36:31 - [MESSAGE][PASSED] - Actual text '2012/12/02' and expected text '2012/12/02' are matched 

2018-11-21 11:36:31 - [TEST_STEP][PASSED] - Statement - cell_text = column_table.get(column).getText(): null

2018-11-21 11:36:31 - [TEST_STEP][PASSED] - Statement - println("Cell value of row : " + row + " and " + column + " is " + cell_text): null

2018-11-21 11:36:31 - [TEST_STEP][PASSED] - verifyMatch: Actual text '$372,000' and expected text '$372,000' are matched 

2018-11-21 11:36:31 - [MESSAGE][PASSED] - Actual text '$372,000' and expected text '$372,000' are matched 

2018-11-21 11:36:31 - [TEST_STEP][PASSED] - Statement - column_table = row_table.get(row).findElements(org.openqa.selenium.By.tagName("td")): null

2018-11-21 11:36:31 - [TEST_STEP][PASSED] - Statement - column_count = column_table.size(): null

2018-11-21 11:36:31 - [TEST_STEP][PASSED] - Statement - println("No of cell in rows : " + row + " are " + column_count): null

2018-11-21 11:36:31 - [TEST_STEP][PASSED] - Statement - For ([column = 0, column < column_count, (column++)]): Actual text '$106,450' and expected text '$106,450' are matched 

2018-11-21 11:36:31 - [TEST_STEP][PASSED] - Statement - cell_text = column_table.get(column).getText(): null

2018-11-21 11:36:31 - [TEST_STEP][PASSED] - Statement - println("Cell value of row : " + row + " and " + column + " is " + cell_text): null

2018-11-21 11:36:31 - [TEST_STEP][PASSED] - verifyMatch: Actual text 'Caesar Vance' and expected text 'Caesar Vance' are matched 

2018-11-21 11:36:31 - [MESSAGE][PASSED] - Actual text 'Caesar Vance' and expected text 'Caesar Vance' are matched 

2018-11-21 11:36:31 - [TEST_STEP][PASSED] - Statement - cell_text = column_table.get(column).getText(): null

2018-11-21 11:36:31 - [TEST_STEP][PASSED] - Statement - println("Cell value of row : " + row + " and " + column + " is " + cell_text): null

2018-11-21 11:36:31 - [TEST_STEP][PASSED] - verifyMatch: Actual text 'Pre-Sales Support' and expected text 'Pre-Sales Support' are matched 

2018-11-21 11:36:32 - [MESSAGE][PASSED] - Actual text 'Pre-Sales Support' and expected text 'Pre-Sales Support' are matched 

2018-11-21 11:36:32 - [TEST_STEP][PASSED] - Statement - cell_text = column_table.get(column).getText(): null

2018-11-21 11:36:32 - [TEST_STEP][PASSED] - Statement - println("Cell value of row : " + row + " and " + column + " is " + cell_text): null

2018-11-21 11:36:32 - [TEST_STEP][PASSED] - verifyMatch: Actual text 'New York' and expected text 'New York' are matched 

2018-11-21 11:36:32 - [MESSAGE][PASSED] - Actual text 'New York' and expected text 'New York' are matched 

2018-11-21 11:36:32 - [TEST_STEP][PASSED] - Statement - cell_text = column_table.get(column).getText(): null

2018-11-21 11:36:32 - [TEST_STEP][PASSED] - Statement - println("Cell value of row : " + row + " and " + column + " is " + cell_text): null

2018-11-21 11:36:32 - [TEST_STEP][PASSED] - verifyMatch: Actual text '21' and expected text '21' are matched 

2018-11-21 11:36:32 - [MESSAGE][PASSED] - Actual text '21' and expected text '21' are matched 

2018-11-21 11:36:32 - [TEST_STEP][PASSED] - Statement - cell_text = column_table.get(column).getText(): null

2018-11-21 11:36:32 - [TEST_STEP][PASSED] - Statement - println("Cell value of row : " + row + " and " + column + " is " + cell_text): null

2018-11-21 11:36:32 - [TEST_STEP][PASSED] - verifyMatch: Actual text '2011/12/12' and expected text '2011/12/12' are matched 

2018-11-21 11:36:32 - [MESSAGE][PASSED] - Actual text '2011/12/12' and expected text '2011/12/12' are matched 

2018-11-21 11:36:32 - [TEST_STEP][PASSED] - Statement - cell_text = column_table.get(column).getText(): null

2018-11-21 11:36:32 - [TEST_STEP][PASSED] - Statement - println("Cell value of row : " + row + " and " + column + " is " + cell_text): null

2018-11-21 11:36:32 - [TEST_STEP][PASSED] - verifyMatch: Actual text '$106,450' and expected text '$106,450' are matched 

2018-11-21 11:36:32 - [MESSAGE][PASSED] - Actual text '$106,450' and expected text '$106,450' are matched 

2018-11-21 11:36:32 - [TEST_STEP][PASSED] - Statement - column_table = row_table.get(row).findElements(org.openqa.selenium.By.tagName("td")): null

2018-11-21 11:36:32 - [TEST_STEP][PASSED] - Statement - column_count = column_table.size(): null

2018-11-21 11:36:32 - [TEST_STEP][PASSED] - Statement - println("No of cell in rows : " + row + " are " + column_count): null

2018-11-21 11:36:32 - [TEST_STEP][PASSED] - Statement - For ([column = 0, column < column_count, (column++)]): Actual text '$433,060' and expected text '$433,060' are matched 

2018-11-21 11:36:32 - [TEST_STEP][PASSED] - Statement - cell_text = column_table.get(column).getText(): null

2018-11-21 11:36:32 - [TEST_STEP][PASSED] - Statement - println("Cell value of row : " + row + " and " + column + " is " + cell_text): null

2018-11-21 11:36:32 - [TEST_STEP][PASSED] - verifyMatch: Actual text 'Cedric Kelly' and expected text 'Cedric Kelly' are matched 

2018-11-21 11:36:32 - [MESSAGE][PASSED] - Actual text 'Cedric Kelly' and expected text 'Cedric Kelly' are matched 

2018-11-21 11:36:32 - [TEST_STEP][PASSED] - Statement - cell_text = column_table.get(column).getText(): null

2018-11-21 11:36:32 - [TEST_STEP][PASSED] - Statement - println("Cell value of row : " + row + " and " + column + " is " + cell_text): null

2018-11-21 11:36:32 - [TEST_STEP][PASSED] - verifyMatch: Actual text 'Senior Javascript Developer' and expected text 'Senior Javascript Developer' are matched 

2018-11-21 11:36:33 - [MESSAGE][PASSED] - Actual text 'Senior Javascript Developer' and expected text 'Senior Javascript Developer' are matched 

2018-11-21 11:36:33 - [TEST_STEP][PASSED] - Statement - cell_text = column_table.get(column).getText(): null

2018-11-21 11:36:33 - [TEST_STEP][PASSED] - Statement - println("Cell value of row : " + row + " and " + column + " is " + cell_text): null

2018-11-21 11:36:33 - [TEST_STEP][PASSED] - verifyMatch: Actual text 'Edinburgh' and expected text 'Edinburgh' are matched 

2018-11-21 11:36:33 - [MESSAGE][PASSED] - Actual text 'Edinburgh' and expected text 'Edinburgh' are matched 

2018-11-21 11:36:33 - [TEST_STEP][PASSED] - Statement - cell_text = column_table.get(column).getText(): null

2018-11-21 11:36:33 - [TEST_STEP][PASSED] - Statement - println("Cell value of row : " + row + " and " + column + " is " + cell_text): null

2018-11-21 11:36:33 - [TEST_STEP][PASSED] - verifyMatch: Actual text '22' and expected text '22' are matched 

2018-11-21 11:36:33 - [MESSAGE][PASSED] - Actual text '22' and expected text '22' are matched 

2018-11-21 11:36:33 - [TEST_STEP][PASSED] - Statement - cell_text = column_table.get(column).getText(): null

2018-11-21 11:36:33 - [TEST_STEP][PASSED] - Statement - println("Cell value of row : " + row + " and " + column + " is " + cell_text): null

2018-11-21 11:36:33 - [TEST_STEP][PASSED] - verifyMatch: Actual text '2012/03/29' and expected text '2012/03/29' are matched 

2018-11-21 11:36:33 - [MESSAGE][PASSED] - Actual text '2012/03/29' and expected text '2012/03/29' are matched 

2018-11-21 11:36:33 - [TEST_STEP][PASSED] - Statement - cell_text = column_table.get(column).getText(): null

2018-11-21 11:36:33 - [TEST_STEP][PASSED] - Statement - println("Cell value of row : " + row + " and " + column + " is " + cell_text): null

2018-11-21 11:36:33 - [TEST_STEP][PASSED] - verifyMatch: Actual text '$433,060' and expected text '$433,060' are matched 

2018-11-21 11:36:33 - [MESSAGE][PASSED] - Actual text '$433,060' and expected text '$433,060' are matched 

2018-11-21 11:36:33 - [TEST_STEP][PASSED] - Statement - column_table = row_table.get(row).findElements(org.openqa.selenium.By.tagName("td")): null

2018-11-21 11:36:33 - [TEST_STEP][PASSED] - Statement - column_count = column_table.size(): null

2018-11-21 11:36:33 - [TEST_STEP][PASSED] - Statement - println("No of cell in rows : " + row + " are " + column_count): null

2018-11-21 11:36:33 - [TEST_STEP][PASSED] - Statement - For ([column = 0, column < column_count, (column++)]): Actual text '$470,600' and expected text '$470,600' are matched 

2018-11-21 11:36:33 - [TEST_STEP][PASSED] - Statement - cell_text = column_table.get(column).getText(): null

2018-11-21 11:36:34 - [TEST_STEP][PASSED] - Statement - println("Cell value of row : " + row + " and " + column + " is " + cell_text): null

2018-11-21 11:36:34 - [TEST_STEP][PASSED] - verifyMatch: Actual text 'Charde Marshall' and expected text 'Charde Marshall' are matched 

2018-11-21 11:36:34 - [MESSAGE][PASSED] - Actual text 'Charde Marshall' and expected text 'Charde Marshall' are matched 

2018-11-21 11:36:34 - [TEST_STEP][PASSED] - Statement - cell_text = column_table.get(column).getText(): null

2018-11-21 11:36:34 - [TEST_STEP][PASSED] - Statement - println("Cell value of row : " + row + " and " + column + " is " + cell_text): null

2018-11-21 11:36:34 - [TEST_STEP][PASSED] - verifyMatch: Actual text 'Regional Director' and expected text 'Regional Director' are matched 

2018-11-21 11:36:34 - [MESSAGE][PASSED] - Actual text 'Regional Director' and expected text 'Regional Director' are matched 

2018-11-21 11:36:34 - [TEST_STEP][PASSED] - Statement - cell_text = column_table.get(column).getText(): null

2018-11-21 11:36:34 - [TEST_STEP][PASSED] - Statement - println("Cell value of row : " + row + " and " + column + " is " + cell_text): null

2018-11-21 11:36:34 - [TEST_STEP][PASSED] - verifyMatch: Actual text 'San Francisco' and expected text 'San Francisco' are matched 

2018-11-21 11:36:34 - [MESSAGE][PASSED] - Actual text 'San Francisco' and expected text 'San Francisco' are matched 

2018-11-21 11:36:34 - [TEST_STEP][PASSED] - Statement - cell_text = column_table.get(column).getText(): null

2018-11-21 11:36:34 - [TEST_STEP][PASSED] - Statement - println("Cell value of row : " + row + " and " + column + " is " + cell_text): null

2018-11-21 11:36:34 - [TEST_STEP][PASSED] - verifyMatch: Actual text '36' and expected text '36' are matched 

2018-11-21 11:36:34 - [MESSAGE][PASSED] - Actual text '36' and expected text '36' are matched 

2018-11-21 11:36:34 - [TEST_STEP][PASSED] - Statement - cell_text = column_table.get(column).getText(): null

2018-11-21 11:36:35 - [TEST_STEP][PASSED] - Statement - println("Cell value of row : " + row + " and " + column + " is " + cell_text): null

2018-11-21 11:36:35 - [TEST_STEP][PASSED] - verifyMatch: Actual text '2008/10/16' and expected text '2008/10/16' are matched 

2018-11-21 11:36:35 - [MESSAGE][PASSED] - Actual text '2008/10/16' and expected text '2008/10/16' are matched 

2018-11-21 11:36:35 - [TEST_STEP][PASSED] - Statement - cell_text = column_table.get(column).getText(): null

2018-11-21 11:36:35 - [TEST_STEP][PASSED] - Statement - println("Cell value of row : " + row + " and " + column + " is " + cell_text): null

2018-11-21 11:36:35 - [TEST_STEP][PASSED] - verifyMatch: Actual text '$470,600' and expected text '$470,600' are matched 

2018-11-21 11:36:35 - [MESSAGE][PASSED] - Actual text '$470,600' and expected text '$470,600' are matched 

2018-11-21 11:36:35 - [TEST_STEP][PASSED] - Statement - column_table = row_table.get(row).findElements(org.openqa.selenium.By.tagName("td")): null

2018-11-21 11:36:35 - [TEST_STEP][PASSED] - Statement - column_count = column_table.size(): null

2018-11-21 11:36:35 - [TEST_STEP][PASSED] - Statement - println("No of cell in rows : " + row + " are " + column_count): null

2018-11-21 11:36:35 - [TEST_STEP][PASSED] - Statement - For ([column = 0, column < column_count, (column++)]): Actual text '$205,500' and expected text '$205,500' are matched 

2018-11-21 11:36:35 - [TEST_STEP][PASSED] - Statement - cell_text = column_table.get(column).getText(): null

2018-11-21 11:36:35 - [TEST_STEP][PASSED] - Statement - println("Cell value of row : " + row + " and " + column + " is " + cell_text): null

2018-11-21 11:36:35 - [TEST_STEP][PASSED] - verifyMatch: Actual text 'Colleen Hurst' and expected text 'Colleen Hurst' are matched 

2018-11-21 11:36:35 - [MESSAGE][PASSED] - Actual text 'Colleen Hurst' and expected text 'Colleen Hurst' are matched 

2018-11-21 11:36:35 - [TEST_STEP][PASSED] - Statement - cell_text = column_table.get(column).getText(): null

2018-11-21 11:36:35 - [TEST_STEP][PASSED] - Statement - println("Cell value of row : " + row + " and " + column + " is " + cell_text): null

2018-11-21 11:36:35 - [TEST_STEP][PASSED] - verifyMatch: Actual text 'Javascript Developer' and expected text 'Javascript Developer' are matched 

2018-11-21 11:36:35 - [MESSAGE][PASSED] - Actual text 'Javascript Developer' and expected text 'Javascript Developer' are matched 

2018-11-21 11:36:35 - [TEST_STEP][PASSED] - Statement - cell_text = column_table.get(column).getText(): null

2018-11-21 11:36:35 - [TEST_STEP][PASSED] - Statement - println("Cell value of row : " + row + " and " + column + " is " + cell_text): null

2018-11-21 11:36:35 - [TEST_STEP][PASSED] - verifyMatch: Actual text 'San Francisco' and expected text 'San Francisco' are matched 

2018-11-21 11:36:35 - [MESSAGE][PASSED] - Actual text 'San Francisco' and expected text 'San Francisco' are matched 

2018-11-21 11:36:35 - [TEST_STEP][PASSED] - Statement - cell_text = column_table.get(column).getText(): null

2018-11-21 11:36:35 - [TEST_STEP][PASSED] - Statement - println("Cell value of row : " + row + " and " + column + " is " + cell_text): null

2018-11-21 11:36:35 - [TEST_STEP][PASSED] - verifyMatch: Actual text '39' and expected text '39' are matched 

2018-11-21 11:36:35 - [MESSAGE][PASSED] - Actual text '39' and expected text '39' are matched 

2018-11-21 11:36:35 - [TEST_STEP][PASSED] - Statement - cell_text = column_table.get(column).getText(): null

2018-11-21 11:36:35 - [TEST_STEP][PASSED] - Statement - println("Cell value of row : " + row + " and " + column + " is " + cell_text): null

2018-11-21 11:36:35 - [TEST_STEP][PASSED] - verifyMatch: Actual text '2009/09/15' and expected text '2009/09/15' are matched 

2018-11-21 11:36:35 - [MESSAGE][PASSED] - Actual text '2009/09/15' and expected text '2009/09/15' are matched 

2018-11-21 11:36:35 - [TEST_STEP][PASSED] - Statement - cell_text = column_table.get(column).getText(): null

2018-11-21 11:36:36 - [TEST_STEP][PASSED] - Statement - println("Cell value of row : " + row + " and " + column + " is " + cell_text): null

2018-11-21 11:36:36 - [TEST_STEP][PASSED] - verifyMatch: Actual text '$205,500' and expected text '$205,500' are matched 

2018-11-21 11:36:36 - [MESSAGE][PASSED] - Actual text '$205,500' and expected text '$205,500' are matched]]></system-out>
         <system-err><![CDATA[]]></system-err>
      </testcase>
      <system-out><![CDATA[2018-11-21 11:36:06 - [TEST_SUITE][PASSED] - Demo: Test Cases/Demo/DataTable]]></system-out>
      <system-err><![CDATA[]]></system-err>
   </testsuite>
</testsuites>
