<?xml version="1.0" encoding="UTF-8"?>
<testsuites name="Demo" time="34" tests="1" failures="0" errors="0">
   <testsuite name="Demo" tests="1" failures="0" errors="0" time="34" timestamp="2018-11-22 13:30:27" hostname="longnguyen - LONGNGUYEN.vodc.lan" id="Test Suites/Demo">
      <properties>
         <property name="deviceName" value=""/>
         <property name="devicePlatform" value=""/>
         <property name="logFolder" value="E:\\WORK\\Katalon_CURA Testproject\\Reports\\Demo\\20181122_133021"/>
         <property name="logFiles" value="E:\\WORK\\Katalon_CURA Testproject\\Reports\\Demo\\20181122_133021\\execution0.log"/>
         <property name="attachments" value=""/>
         <property name="hostName" value="longnguyen - LONGNGUYEN.vodc.lan"/>
         <property name="os" value="Windows 10 64bit"/>
         <property name="katalonVersion" value="5.8.6.1"/>
         <property name="browser" value="Chrome 70.0.3538.102"/>
         <property name="hostAddress" value="10.10.10.62"/>
         <property name="sessionId" value="ec62a61f14e9ff62d2560f2e131b60a3"/>
         <property name="seleniumVersion" value="3.7.1"/>
         <property name="proxyInformation" value="ProxyInformation{proxyOption=NO_PROXY, proxyServerType=HTTP, password=, proxyServerAddress=, proxyServerPort=0}"/>
         <property name="platform" value="Windows 10"/>
      </properties>
      <testcase name="Test Cases/Demo/DataTable" classname="Test Cases/Demo/DataTable" status="PASSED">
         <system-out><![CDATA[2018-11-22 13:30:29 - [TEST_CASE][PASSED] - Test Cases/Demo/DataTable: Test Cases/Demo/DataTable

2018-11-22 13:30:29 - [TEST_STEP][PASSED] - Start listener action : sampleBeforeTestCase: Invoke 'com.kms.katalon.core.annotation.BeforeTestCase' method: 'NewTestListener.sampleBeforeTestCase(...)' completed.

2018-11-22 13:30:29 - [TEST_STEP][PASSED] - Statement - println(testCaseContext.getTestCaseId()): null

2018-11-22 13:30:29 - [TEST_STEP][PASSED] - Statement - println(testCaseContext.getTestCaseVariables()): Invoke 'com.kms.katalon.core.annotation.BeforeTestCase' method: 'NewTestListener.sampleBeforeTestCase(...)' completed.

2018-11-22 13:30:29 - [TEST_STEP][PASSED] - Statement - a = <not implemented yet for class: org.codehaus.groovy.ast.expr.EmptyExpression>: null

2018-11-22 13:30:29 - [TEST_STEP][PASSED] - openBrowser: Browser is opened with url: ''

2018-11-22 13:30:37 - [MESSAGE][PASSED] - Browser is opened with url: ''

2018-11-22 13:30:37 - [TEST_STEP][PASSED] - navigateToUrl: Navigate to 'file:/E:/WORK/PassPulFramework/PassPul/PassPul/SeleniumEasy/www.seleniumeasy.com/test/table-data-download-demo.html' successfully

2018-11-22 13:30:39 - [MESSAGE][PASSED] - Navigate to 'file:/E:/WORK/PassPulFramework/PassPul/PassPul/SeleniumEasy/www.seleniumeasy.com/test/table-data-download-demo.html' successfully

2018-11-22 13:30:39 - [TEST_STEP][PASSED] - maximizeWindow: Current window maximized

2018-11-22 13:30:40 - [MESSAGE][PASSED] - Current window maximized

2018-11-22 13:30:40 - [TEST_STEP][PASSED] - scrollToPosition: Browser is scrolled to position x = 250, y = 250

2018-11-22 13:30:40 - [MESSAGE][PASSED] - Browser is scrolled to position x = 250, y = 250

2018-11-22 13:30:40 - [TEST_STEP][PASSED] - Statement - driver = com.kms.katalon.core.webui.driver.DriverFactory.getWebDriver(): null

2018-11-22 13:30:40 - [TEST_STEP][PASSED] - Statement - pagination = driver.findElements(org.openqa.selenium.By.xpath(".//*[@id="example_paginate"]/span/a")): null

2018-11-22 13:30:40 - [TEST_STEP][PASSED] - Statement - size = pagination.size(): null

2018-11-22 13:30:40 - [TEST_STEP][PASSED] - Statement - out.println(pagination.size()): null

2018-11-22 13:30:40 - [TEST_STEP][PASSED] - Statement - For ([i = 1, i <= size, (i++)]): null

2018-11-22 13:30:40 - [TEST_STEP][PASSED] - Statement - Try: null

2018-11-22 13:30:40 - [TEST_STEP][PASSED] - Statement - (a++): null

2018-11-22 13:30:40 - [TEST_STEP][PASSED] - Statement - println(a): null

2018-11-22 13:30:40 - [TEST_STEP][PASSED] - Statement - element = driver.findElement(org.openqa.selenium.By.xpath(".//*[@id='example_paginate']/span/a[" + i + "]")).click(): null

2018-11-22 13:30:40 - [TEST_STEP][PASSED] - Statement - java.lang.Thread.sleep(2000): null

2018-11-22 13:30:42 - [TEST_STEP][PASSED] - Statement - row_table = driver.findElements(org.openqa.selenium.By.xpath(".//*[@id='example']/tbody/tr")): null

2018-11-22 13:30:43 - [TEST_STEP][PASSED] - Statement - row_count = row_table.size(): null

2018-11-22 13:30:43 - [TEST_STEP][PASSED] - Statement - println("No of rows are : " + row_count): null

2018-11-22 13:30:43 - [TEST_STEP][PASSED] - Statement - For ([row = 0, row < row_count, (row++)]): null

2018-11-22 13:30:43 - [TEST_STEP][PASSED] - Statement - column_table = row_table.get(row).findElements(org.openqa.selenium.By.tagName("td")): null

2018-11-22 13:30:43 - [TEST_STEP][PASSED] - Statement - column_count = column_table.size(): null

2018-11-22 13:30:43 - [TEST_STEP][PASSED] - Statement - println("No of cell in rows : " + row + " are " + column_count): null

2018-11-22 13:30:43 - [TEST_STEP][PASSED] - Statement - For ([column = 0, column < column_count, (column++)]): null

2018-11-22 13:30:43 - [TEST_STEP][PASSED] - Statement - cell_text = column_table.get(column).getText(): null

2018-11-22 13:30:43 - [TEST_STEP][PASSED] - Statement - println("Cell value of row : " + row + " and cell " + column + " is " + cell_text): null

2018-11-22 13:30:43 - [TEST_STEP][PASSED] - Statement - cell_text = column_table.get(column).getText(): null

2018-11-22 13:30:43 - [TEST_STEP][PASSED] - Statement - println("Cell value of row : " + row + " and cell " + column + " is " + cell_text): null

2018-11-22 13:30:43 - [TEST_STEP][PASSED] - Statement - cell_text = column_table.get(column).getText(): null

2018-11-22 13:30:43 - [TEST_STEP][PASSED] - Statement - println("Cell value of row : " + row + " and cell " + column + " is " + cell_text): null

2018-11-22 13:30:43 - [TEST_STEP][PASSED] - Statement - cell_text = column_table.get(column).getText(): null

2018-11-22 13:30:43 - [TEST_STEP][PASSED] - Statement - println("Cell value of row : " + row + " and cell " + column + " is " + cell_text): null

2018-11-22 13:30:43 - [TEST_STEP][PASSED] - Statement - cell_text = column_table.get(column).getText(): null

2018-11-22 13:30:43 - [TEST_STEP][PASSED] - Statement - println("Cell value of row : " + row + " and cell " + column + " is " + cell_text): null

2018-11-22 13:30:43 - [TEST_STEP][PASSED] - Statement - cell_text = column_table.get(column).getText(): null

2018-11-22 13:30:43 - [TEST_STEP][PASSED] - Statement - println("Cell value of row : " + row + " and cell " + column + " is " + cell_text): null

2018-11-22 13:30:43 - [TEST_STEP][PASSED] - Statement - column_table = row_table.get(row).findElements(org.openqa.selenium.By.tagName("td")): null

2018-11-22 13:30:43 - [TEST_STEP][PASSED] - Statement - column_count = column_table.size(): null

2018-11-22 13:30:43 - [TEST_STEP][PASSED] - Statement - println("No of cell in rows : " + row + " are " + column_count): null

2018-11-22 13:30:43 - [TEST_STEP][PASSED] - Statement - For ([column = 0, column < column_count, (column++)]): null

2018-11-22 13:30:43 - [TEST_STEP][PASSED] - Statement - cell_text = column_table.get(column).getText(): null

2018-11-22 13:30:43 - [TEST_STEP][PASSED] - Statement - println("Cell value of row : " + row + " and cell " + column + " is " + cell_text): null

2018-11-22 13:30:43 - [TEST_STEP][PASSED] - Statement - cell_text = column_table.get(column).getText(): null

2018-11-22 13:30:43 - [TEST_STEP][PASSED] - Statement - println("Cell value of row : " + row + " and cell " + column + " is " + cell_text): null

2018-11-22 13:30:43 - [TEST_STEP][PASSED] - Statement - cell_text = column_table.get(column).getText(): null

2018-11-22 13:30:43 - [TEST_STEP][PASSED] - Statement - println("Cell value of row : " + row + " and cell " + column + " is " + cell_text): null

2018-11-22 13:30:43 - [TEST_STEP][PASSED] - Statement - cell_text = column_table.get(column).getText(): null

2018-11-22 13:30:43 - [TEST_STEP][PASSED] - Statement - println("Cell value of row : " + row + " and cell " + column + " is " + cell_text): null

2018-11-22 13:30:43 - [TEST_STEP][PASSED] - Statement - cell_text = column_table.get(column).getText(): null

2018-11-22 13:30:43 - [TEST_STEP][PASSED] - Statement - println("Cell value of row : " + row + " and cell " + column + " is " + cell_text): null

2018-11-22 13:30:43 - [TEST_STEP][PASSED] - Statement - cell_text = column_table.get(column).getText(): null

2018-11-22 13:30:43 - [TEST_STEP][PASSED] - Statement - println("Cell value of row : " + row + " and cell " + column + " is " + cell_text): null

2018-11-22 13:30:43 - [TEST_STEP][PASSED] - Statement - column_table = row_table.get(row).findElements(org.openqa.selenium.By.tagName("td")): null

2018-11-22 13:30:43 - [TEST_STEP][PASSED] - Statement - column_count = column_table.size(): null

2018-11-22 13:30:43 - [TEST_STEP][PASSED] - Statement - println("No of cell in rows : " + row + " are " + column_count): null

2018-11-22 13:30:43 - [TEST_STEP][PASSED] - Statement - For ([column = 0, column < column_count, (column++)]): null

2018-11-22 13:30:43 - [TEST_STEP][PASSED] - Statement - cell_text = column_table.get(column).getText(): null

2018-11-22 13:30:43 - [TEST_STEP][PASSED] - Statement - println("Cell value of row : " + row + " and cell " + column + " is " + cell_text): null

2018-11-22 13:30:43 - [TEST_STEP][PASSED] - Statement - cell_text = column_table.get(column).getText(): null

2018-11-22 13:30:43 - [TEST_STEP][PASSED] - Statement - println("Cell value of row : " + row + " and cell " + column + " is " + cell_text): null

2018-11-22 13:30:43 - [TEST_STEP][PASSED] - Statement - cell_text = column_table.get(column).getText(): null

2018-11-22 13:30:43 - [TEST_STEP][PASSED] - Statement - println("Cell value of row : " + row + " and cell " + column + " is " + cell_text): null

2018-11-22 13:30:43 - [TEST_STEP][PASSED] - Statement - cell_text = column_table.get(column).getText(): null

2018-11-22 13:30:43 - [TEST_STEP][PASSED] - Statement - println("Cell value of row : " + row + " and cell " + column + " is " + cell_text): null

2018-11-22 13:30:43 - [TEST_STEP][PASSED] - Statement - cell_text = column_table.get(column).getText(): null

2018-11-22 13:30:43 - [TEST_STEP][PASSED] - Statement - println("Cell value of row : " + row + " and cell " + column + " is " + cell_text): null

2018-11-22 13:30:43 - [TEST_STEP][PASSED] - Statement - cell_text = column_table.get(column).getText(): null

2018-11-22 13:30:43 - [TEST_STEP][PASSED] - Statement - println("Cell value of row : " + row + " and cell " + column + " is " + cell_text): null

2018-11-22 13:30:43 - [TEST_STEP][PASSED] - Statement - column_table = row_table.get(row).findElements(org.openqa.selenium.By.tagName("td")): null

2018-11-22 13:30:43 - [TEST_STEP][PASSED] - Statement - column_count = column_table.size(): null

2018-11-22 13:30:43 - [TEST_STEP][PASSED] - Statement - println("No of cell in rows : " + row + " are " + column_count): null

2018-11-22 13:30:43 - [TEST_STEP][PASSED] - Statement - For ([column = 0, column < column_count, (column++)]): null

2018-11-22 13:30:43 - [TEST_STEP][PASSED] - Statement - cell_text = column_table.get(column).getText(): null

2018-11-22 13:30:43 - [TEST_STEP][PASSED] - Statement - println("Cell value of row : " + row + " and cell " + column + " is " + cell_text): null

2018-11-22 13:30:43 - [TEST_STEP][PASSED] - Statement - cell_text = column_table.get(column).getText(): null

2018-11-22 13:30:43 - [TEST_STEP][PASSED] - Statement - println("Cell value of row : " + row + " and cell " + column + " is " + cell_text): null

2018-11-22 13:30:43 - [TEST_STEP][PASSED] - Statement - cell_text = column_table.get(column).getText(): null

2018-11-22 13:30:44 - [TEST_STEP][PASSED] - Statement - println("Cell value of row : " + row + " and cell " + column + " is " + cell_text): null

2018-11-22 13:30:44 - [TEST_STEP][PASSED] - Statement - cell_text = column_table.get(column).getText(): null

2018-11-22 13:30:44 - [TEST_STEP][PASSED] - Statement - println("Cell value of row : " + row + " and cell " + column + " is " + cell_text): null

2018-11-22 13:30:44 - [TEST_STEP][PASSED] - Statement - cell_text = column_table.get(column).getText(): null

2018-11-22 13:30:44 - [TEST_STEP][PASSED] - Statement - println("Cell value of row : " + row + " and cell " + column + " is " + cell_text): null

2018-11-22 13:30:44 - [TEST_STEP][PASSED] - Statement - cell_text = column_table.get(column).getText(): null

2018-11-22 13:30:44 - [TEST_STEP][PASSED] - Statement - println("Cell value of row : " + row + " and cell " + column + " is " + cell_text): null

2018-11-22 13:30:44 - [TEST_STEP][PASSED] - Statement - column_table = row_table.get(row).findElements(org.openqa.selenium.By.tagName("td")): null

2018-11-22 13:30:44 - [TEST_STEP][PASSED] - Statement - column_count = column_table.size(): null

2018-11-22 13:30:44 - [TEST_STEP][PASSED] - Statement - println("No of cell in rows : " + row + " are " + column_count): null

2018-11-22 13:30:44 - [TEST_STEP][PASSED] - Statement - For ([column = 0, column < column_count, (column++)]): null

2018-11-22 13:30:44 - [TEST_STEP][PASSED] - Statement - cell_text = column_table.get(column).getText(): null

2018-11-22 13:30:44 - [TEST_STEP][PASSED] - Statement - println("Cell value of row : " + row + " and cell " + column + " is " + cell_text): null

2018-11-22 13:30:44 - [TEST_STEP][PASSED] - Statement - cell_text = column_table.get(column).getText(): null

2018-11-22 13:30:44 - [TEST_STEP][PASSED] - Statement - println("Cell value of row : " + row + " and cell " + column + " is " + cell_text): null

2018-11-22 13:30:44 - [TEST_STEP][PASSED] - Statement - cell_text = column_table.get(column).getText(): null

2018-11-22 13:30:44 - [TEST_STEP][PASSED] - Statement - println("Cell value of row : " + row + " and cell " + column + " is " + cell_text): null

2018-11-22 13:30:44 - [TEST_STEP][PASSED] - Statement - cell_text = column_table.get(column).getText(): null

2018-11-22 13:30:44 - [TEST_STEP][PASSED] - Statement - println("Cell value of row : " + row + " and cell " + column + " is " + cell_text): null

2018-11-22 13:30:44 - [TEST_STEP][PASSED] - Statement - cell_text = column_table.get(column).getText(): null

2018-11-22 13:30:44 - [TEST_STEP][PASSED] - Statement - println("Cell value of row : " + row + " and cell " + column + " is " + cell_text): null

2018-11-22 13:30:44 - [TEST_STEP][PASSED] - Statement - cell_text = column_table.get(column).getText(): null

2018-11-22 13:30:44 - [TEST_STEP][PASSED] - Statement - println("Cell value of row : " + row + " and cell " + column + " is " + cell_text): null

2018-11-22 13:30:44 - [TEST_STEP][PASSED] - Statement - column_table = row_table.get(row).findElements(org.openqa.selenium.By.tagName("td")): null

2018-11-22 13:30:44 - [TEST_STEP][PASSED] - Statement - column_count = column_table.size(): null

2018-11-22 13:30:44 - [TEST_STEP][PASSED] - Statement - println("No of cell in rows : " + row + " are " + column_count): null

2018-11-22 13:30:44 - [TEST_STEP][PASSED] - Statement - For ([column = 0, column < column_count, (column++)]): null

2018-11-22 13:30:44 - [TEST_STEP][PASSED] - Statement - cell_text = column_table.get(column).getText(): null

2018-11-22 13:30:44 - [TEST_STEP][PASSED] - Statement - println("Cell value of row : " + row + " and cell " + column + " is " + cell_text): null

2018-11-22 13:30:44 - [TEST_STEP][PASSED] - Statement - cell_text = column_table.get(column).getText(): null

2018-11-22 13:30:44 - [TEST_STEP][PASSED] - Statement - println("Cell value of row : " + row + " and cell " + column + " is " + cell_text): null

2018-11-22 13:30:44 - [TEST_STEP][PASSED] - Statement - cell_text = column_table.get(column).getText(): null

2018-11-22 13:30:44 - [TEST_STEP][PASSED] - Statement - println("Cell value of row : " + row + " and cell " + column + " is " + cell_text): null

2018-11-22 13:30:44 - [TEST_STEP][PASSED] - Statement - cell_text = column_table.get(column).getText(): null

2018-11-22 13:30:44 - [TEST_STEP][PASSED] - Statement - println("Cell value of row : " + row + " and cell " + column + " is " + cell_text): null

2018-11-22 13:30:44 - [TEST_STEP][PASSED] - Statement - cell_text = column_table.get(column).getText(): null

2018-11-22 13:30:44 - [TEST_STEP][PASSED] - Statement - println("Cell value of row : " + row + " and cell " + column + " is " + cell_text): null

2018-11-22 13:30:44 - [TEST_STEP][PASSED] - Statement - cell_text = column_table.get(column).getText(): null

2018-11-22 13:30:44 - [TEST_STEP][PASSED] - Statement - println("Cell value of row : " + row + " and cell " + column + " is " + cell_text): null

2018-11-22 13:30:44 - [TEST_STEP][PASSED] - Statement - column_table = row_table.get(row).findElements(org.openqa.selenium.By.tagName("td")): null

2018-11-22 13:30:44 - [TEST_STEP][PASSED] - Statement - column_count = column_table.size(): null

2018-11-22 13:30:44 - [TEST_STEP][PASSED] - Statement - println("No of cell in rows : " + row + " are " + column_count): null

2018-11-22 13:30:44 - [TEST_STEP][PASSED] - Statement - For ([column = 0, column < column_count, (column++)]): null

2018-11-22 13:30:44 - [TEST_STEP][PASSED] - Statement - cell_text = column_table.get(column).getText(): null

2018-11-22 13:30:44 - [TEST_STEP][PASSED] - Statement - println("Cell value of row : " + row + " and cell " + column + " is " + cell_text): null

2018-11-22 13:30:44 - [TEST_STEP][PASSED] - Statement - cell_text = column_table.get(column).getText(): null

2018-11-22 13:30:44 - [TEST_STEP][PASSED] - Statement - println("Cell value of row : " + row + " and cell " + column + " is " + cell_text): null

2018-11-22 13:30:44 - [TEST_STEP][PASSED] - Statement - cell_text = column_table.get(column).getText(): null

2018-11-22 13:30:44 - [TEST_STEP][PASSED] - Statement - println("Cell value of row : " + row + " and cell " + column + " is " + cell_text): null

2018-11-22 13:30:44 - [TEST_STEP][PASSED] - Statement - cell_text = column_table.get(column).getText(): null

2018-11-22 13:30:44 - [TEST_STEP][PASSED] - Statement - println("Cell value of row : " + row + " and cell " + column + " is " + cell_text): null

2018-11-22 13:30:44 - [TEST_STEP][PASSED] - Statement - cell_text = column_table.get(column).getText(): null

2018-11-22 13:30:44 - [TEST_STEP][PASSED] - Statement - println("Cell value of row : " + row + " and cell " + column + " is " + cell_text): null

2018-11-22 13:30:44 - [TEST_STEP][PASSED] - Statement - cell_text = column_table.get(column).getText(): null

2018-11-22 13:30:44 - [TEST_STEP][PASSED] - Statement - println("Cell value of row : " + row + " and cell " + column + " is " + cell_text): null

2018-11-22 13:30:44 - [TEST_STEP][PASSED] - Statement - column_table = row_table.get(row).findElements(org.openqa.selenium.By.tagName("td")): null

2018-11-22 13:30:45 - [TEST_STEP][PASSED] - Statement - column_count = column_table.size(): null

2018-11-22 13:30:45 - [TEST_STEP][PASSED] - Statement - println("No of cell in rows : " + row + " are " + column_count): null

2018-11-22 13:30:45 - [TEST_STEP][PASSED] - Statement - For ([column = 0, column < column_count, (column++)]): null

2018-11-22 13:30:45 - [TEST_STEP][PASSED] - Statement - cell_text = column_table.get(column).getText(): null

2018-11-22 13:30:45 - [TEST_STEP][PASSED] - Statement - println("Cell value of row : " + row + " and cell " + column + " is " + cell_text): null

2018-11-22 13:30:45 - [TEST_STEP][PASSED] - Statement - cell_text = column_table.get(column).getText(): null

2018-11-22 13:30:45 - [TEST_STEP][PASSED] - Statement - println("Cell value of row : " + row + " and cell " + column + " is " + cell_text): null

2018-11-22 13:30:45 - [TEST_STEP][PASSED] - Statement - cell_text = column_table.get(column).getText(): null

2018-11-22 13:30:45 - [TEST_STEP][PASSED] - Statement - println("Cell value of row : " + row + " and cell " + column + " is " + cell_text): null

2018-11-22 13:30:45 - [TEST_STEP][PASSED] - Statement - cell_text = column_table.get(column).getText(): null

2018-11-22 13:30:45 - [TEST_STEP][PASSED] - Statement - println("Cell value of row : " + row + " and cell " + column + " is " + cell_text): null

2018-11-22 13:30:45 - [TEST_STEP][PASSED] - Statement - cell_text = column_table.get(column).getText(): null

2018-11-22 13:30:45 - [TEST_STEP][PASSED] - Statement - println("Cell value of row : " + row + " and cell " + column + " is " + cell_text): null

2018-11-22 13:30:45 - [TEST_STEP][PASSED] - Statement - cell_text = column_table.get(column).getText(): null

2018-11-22 13:30:45 - [TEST_STEP][PASSED] - Statement - println("Cell value of row : " + row + " and cell " + column + " is " + cell_text): null

2018-11-22 13:30:45 - [TEST_STEP][PASSED] - Statement - column_table = row_table.get(row).findElements(org.openqa.selenium.By.tagName("td")): null

2018-11-22 13:30:45 - [TEST_STEP][PASSED] - Statement - column_count = column_table.size(): null

2018-11-22 13:30:45 - [TEST_STEP][PASSED] - Statement - println("No of cell in rows : " + row + " are " + column_count): null

2018-11-22 13:30:45 - [TEST_STEP][PASSED] - Statement - For ([column = 0, column < column_count, (column++)]): null

2018-11-22 13:30:45 - [TEST_STEP][PASSED] - Statement - cell_text = column_table.get(column).getText(): null

2018-11-22 13:30:45 - [TEST_STEP][PASSED] - Statement - println("Cell value of row : " + row + " and cell " + column + " is " + cell_text): null

2018-11-22 13:30:45 - [TEST_STEP][PASSED] - Statement - cell_text = column_table.get(column).getText(): null

2018-11-22 13:30:45 - [TEST_STEP][PASSED] - Statement - println("Cell value of row : " + row + " and cell " + column + " is " + cell_text): null

2018-11-22 13:30:45 - [TEST_STEP][PASSED] - Statement - cell_text = column_table.get(column).getText(): null

2018-11-22 13:30:45 - [TEST_STEP][PASSED] - Statement - println("Cell value of row : " + row + " and cell " + column + " is " + cell_text): null

2018-11-22 13:30:45 - [TEST_STEP][PASSED] - Statement - cell_text = column_table.get(column).getText(): null

2018-11-22 13:30:45 - [TEST_STEP][PASSED] - Statement - println("Cell value of row : " + row + " and cell " + column + " is " + cell_text): null

2018-11-22 13:30:45 - [TEST_STEP][PASSED] - Statement - cell_text = column_table.get(column).getText(): null

2018-11-22 13:30:45 - [TEST_STEP][PASSED] - Statement - println("Cell value of row : " + row + " and cell " + column + " is " + cell_text): null

2018-11-22 13:30:45 - [TEST_STEP][PASSED] - Statement - cell_text = column_table.get(column).getText(): null

2018-11-22 13:30:45 - [TEST_STEP][PASSED] - Statement - println("Cell value of row : " + row + " and cell " + column + " is " + cell_text): null

2018-11-22 13:30:45 - [TEST_STEP][PASSED] - Statement - column_table = row_table.get(row).findElements(org.openqa.selenium.By.tagName("td")): null

2018-11-22 13:30:45 - [TEST_STEP][PASSED] - Statement - column_count = column_table.size(): null

2018-11-22 13:30:45 - [TEST_STEP][PASSED] - Statement - println("No of cell in rows : " + row + " are " + column_count): null

2018-11-22 13:30:45 - [TEST_STEP][PASSED] - Statement - For ([column = 0, column < column_count, (column++)]): null

2018-11-22 13:30:45 - [TEST_STEP][PASSED] - Statement - cell_text = column_table.get(column).getText(): null

2018-11-22 13:30:45 - [TEST_STEP][PASSED] - Statement - println("Cell value of row : " + row + " and cell " + column + " is " + cell_text): null

2018-11-22 13:30:45 - [TEST_STEP][PASSED] - Statement - cell_text = column_table.get(column).getText(): null

2018-11-22 13:30:45 - [TEST_STEP][PASSED] - Statement - println("Cell value of row : " + row + " and cell " + column + " is " + cell_text): null

2018-11-22 13:30:45 - [TEST_STEP][PASSED] - Statement - cell_text = column_table.get(column).getText(): null

2018-11-22 13:30:45 - [TEST_STEP][PASSED] - Statement - println("Cell value of row : " + row + " and cell " + column + " is " + cell_text): null

2018-11-22 13:30:45 - [TEST_STEP][PASSED] - Statement - cell_text = column_table.get(column).getText(): null

2018-11-22 13:30:45 - [TEST_STEP][PASSED] - Statement - println("Cell value of row : " + row + " and cell " + column + " is " + cell_text): null

2018-11-22 13:30:45 - [TEST_STEP][PASSED] - Statement - cell_text = column_table.get(column).getText(): null

2018-11-22 13:30:46 - [TEST_STEP][PASSED] - Statement - println("Cell value of row : " + row + " and cell " + column + " is " + cell_text): null

2018-11-22 13:30:46 - [TEST_STEP][PASSED] - Statement - cell_text = column_table.get(column).getText(): null

2018-11-22 13:30:46 - [TEST_STEP][PASSED] - Statement - println("Cell value of row : " + row + " and cell " + column + " is " + cell_text): null

2018-11-22 13:30:46 - [TEST_STEP][PASSED] - Statement - Try: null

2018-11-22 13:30:46 - [TEST_STEP][PASSED] - Statement - (a++): null

2018-11-22 13:30:46 - [TEST_STEP][PASSED] - Statement - println(a): null

2018-11-22 13:30:46 - [TEST_STEP][PASSED] - Statement - element = driver.findElement(org.openqa.selenium.By.xpath(".//*[@id='example_paginate']/span/a[" + i + "]")).click(): null

2018-11-22 13:30:46 - [TEST_STEP][PASSED] - Statement - java.lang.Thread.sleep(2000): null

2018-11-22 13:30:48 - [TEST_STEP][PASSED] - Statement - row_table = driver.findElements(org.openqa.selenium.By.xpath(".//*[@id='example']/tbody/tr")): null

2018-11-22 13:30:48 - [TEST_STEP][PASSED] - Statement - row_count = row_table.size(): null

2018-11-22 13:30:48 - [TEST_STEP][PASSED] - Statement - println("No of rows are : " + row_count): null

2018-11-22 13:30:48 - [TEST_STEP][PASSED] - Statement - For ([row = 0, row < row_count, (row++)]): null

2018-11-22 13:30:48 - [TEST_STEP][PASSED] - Statement - column_table = row_table.get(row).findElements(org.openqa.selenium.By.tagName("td")): null

2018-11-22 13:30:48 - [TEST_STEP][PASSED] - Statement - column_count = column_table.size(): null

2018-11-22 13:30:48 - [TEST_STEP][PASSED] - Statement - println("No of cell in rows : " + row + " are " + column_count): null

2018-11-22 13:30:48 - [TEST_STEP][PASSED] - Statement - For ([column = 0, column < column_count, (column++)]): null

2018-11-22 13:30:48 - [TEST_STEP][PASSED] - Statement - cell_text = column_table.get(column).getText(): null

2018-11-22 13:30:48 - [TEST_STEP][PASSED] - Statement - println("Cell value of row : " + row + " and cell " + column + " is " + cell_text): null

2018-11-22 13:30:48 - [TEST_STEP][PASSED] - Statement - cell_text = column_table.get(column).getText(): null

2018-11-22 13:30:48 - [TEST_STEP][PASSED] - Statement - println("Cell value of row : " + row + " and cell " + column + " is " + cell_text): null

2018-11-22 13:30:48 - [TEST_STEP][PASSED] - Statement - cell_text = column_table.get(column).getText(): null

2018-11-22 13:30:48 - [TEST_STEP][PASSED] - Statement - println("Cell value of row : " + row + " and cell " + column + " is " + cell_text): null

2018-11-22 13:30:48 - [TEST_STEP][PASSED] - Statement - cell_text = column_table.get(column).getText(): null

2018-11-22 13:30:48 - [TEST_STEP][PASSED] - Statement - println("Cell value of row : " + row + " and cell " + column + " is " + cell_text): null

2018-11-22 13:30:48 - [TEST_STEP][PASSED] - Statement - cell_text = column_table.get(column).getText(): null

2018-11-22 13:30:48 - [TEST_STEP][PASSED] - Statement - println("Cell value of row : " + row + " and cell " + column + " is " + cell_text): null

2018-11-22 13:30:48 - [TEST_STEP][PASSED] - Statement - cell_text = column_table.get(column).getText(): null

2018-11-22 13:30:48 - [TEST_STEP][PASSED] - Statement - println("Cell value of row : " + row + " and cell " + column + " is " + cell_text): null

2018-11-22 13:30:48 - [TEST_STEP][PASSED] - Statement - column_table = row_table.get(row).findElements(org.openqa.selenium.By.tagName("td")): null

2018-11-22 13:30:48 - [TEST_STEP][PASSED] - Statement - column_count = column_table.size(): null

2018-11-22 13:30:48 - [TEST_STEP][PASSED] - Statement - println("No of cell in rows : " + row + " are " + column_count): null

2018-11-22 13:30:48 - [TEST_STEP][PASSED] - Statement - For ([column = 0, column < column_count, (column++)]): null

2018-11-22 13:30:48 - [TEST_STEP][PASSED] - Statement - cell_text = column_table.get(column).getText(): null

2018-11-22 13:30:49 - [TEST_STEP][PASSED] - Statement - println("Cell value of row : " + row + " and cell " + column + " is " + cell_text): null

2018-11-22 13:30:49 - [TEST_STEP][PASSED] - Statement - cell_text = column_table.get(column).getText(): null

2018-11-22 13:30:49 - [TEST_STEP][PASSED] - Statement - println("Cell value of row : " + row + " and cell " + column + " is " + cell_text): null

2018-11-22 13:30:49 - [TEST_STEP][PASSED] - Statement - cell_text = column_table.get(column).getText(): null

2018-11-22 13:30:49 - [TEST_STEP][PASSED] - Statement - println("Cell value of row : " + row + " and cell " + column + " is " + cell_text): null

2018-11-22 13:30:49 - [TEST_STEP][PASSED] - Statement - cell_text = column_table.get(column).getText(): null

2018-11-22 13:30:49 - [TEST_STEP][PASSED] - Statement - println("Cell value of row : " + row + " and cell " + column + " is " + cell_text): null

2018-11-22 13:30:49 - [TEST_STEP][PASSED] - Statement - cell_text = column_table.get(column).getText(): null

2018-11-22 13:30:49 - [TEST_STEP][PASSED] - Statement - println("Cell value of row : " + row + " and cell " + column + " is " + cell_text): null

2018-11-22 13:30:49 - [TEST_STEP][PASSED] - Statement - cell_text = column_table.get(column).getText(): null

2018-11-22 13:30:49 - [TEST_STEP][PASSED] - Statement - println("Cell value of row : " + row + " and cell " + column + " is " + cell_text): null

2018-11-22 13:30:49 - [TEST_STEP][PASSED] - Statement - column_table = row_table.get(row).findElements(org.openqa.selenium.By.tagName("td")): null

2018-11-22 13:30:49 - [TEST_STEP][PASSED] - Statement - column_count = column_table.size(): null

2018-11-22 13:30:49 - [TEST_STEP][PASSED] - Statement - println("No of cell in rows : " + row + " are " + column_count): null

2018-11-22 13:30:49 - [TEST_STEP][PASSED] - Statement - For ([column = 0, column < column_count, (column++)]): null

2018-11-22 13:30:49 - [TEST_STEP][PASSED] - Statement - cell_text = column_table.get(column).getText(): null

2018-11-22 13:30:49 - [TEST_STEP][PASSED] - Statement - println("Cell value of row : " + row + " and cell " + column + " is " + cell_text): null

2018-11-22 13:30:49 - [TEST_STEP][PASSED] - Statement - cell_text = column_table.get(column).getText(): null

2018-11-22 13:30:49 - [TEST_STEP][PASSED] - Statement - println("Cell value of row : " + row + " and cell " + column + " is " + cell_text): null

2018-11-22 13:30:49 - [TEST_STEP][PASSED] - Statement - cell_text = column_table.get(column).getText(): null

2018-11-22 13:30:49 - [TEST_STEP][PASSED] - Statement - println("Cell value of row : " + row + " and cell " + column + " is " + cell_text): null

2018-11-22 13:30:49 - [TEST_STEP][PASSED] - Statement - cell_text = column_table.get(column).getText(): null

2018-11-22 13:30:49 - [TEST_STEP][PASSED] - Statement - println("Cell value of row : " + row + " and cell " + column + " is " + cell_text): null

2018-11-22 13:30:49 - [TEST_STEP][PASSED] - Statement - cell_text = column_table.get(column).getText(): null

2018-11-22 13:30:49 - [TEST_STEP][PASSED] - Statement - println("Cell value of row : " + row + " and cell " + column + " is " + cell_text): null

2018-11-22 13:30:49 - [TEST_STEP][PASSED] - Statement - cell_text = column_table.get(column).getText(): null

2018-11-22 13:30:49 - [TEST_STEP][PASSED] - Statement - println("Cell value of row : " + row + " and cell " + column + " is " + cell_text): null

2018-11-22 13:30:49 - [TEST_STEP][PASSED] - Statement - column_table = row_table.get(row).findElements(org.openqa.selenium.By.tagName("td")): null

2018-11-22 13:30:49 - [TEST_STEP][PASSED] - Statement - column_count = column_table.size(): null

2018-11-22 13:30:49 - [TEST_STEP][PASSED] - Statement - println("No of cell in rows : " + row + " are " + column_count): null

2018-11-22 13:30:49 - [TEST_STEP][PASSED] - Statement - For ([column = 0, column < column_count, (column++)]): null

2018-11-22 13:30:49 - [TEST_STEP][PASSED] - Statement - cell_text = column_table.get(column).getText(): null

2018-11-22 13:30:49 - [TEST_STEP][PASSED] - Statement - println("Cell value of row : " + row + " and cell " + column + " is " + cell_text): null

2018-11-22 13:30:49 - [TEST_STEP][PASSED] - Statement - cell_text = column_table.get(column).getText(): null

2018-11-22 13:30:49 - [TEST_STEP][PASSED] - Statement - println("Cell value of row : " + row + " and cell " + column + " is " + cell_text): null

2018-11-22 13:30:49 - [TEST_STEP][PASSED] - Statement - cell_text = column_table.get(column).getText(): null

2018-11-22 13:30:49 - [TEST_STEP][PASSED] - Statement - println("Cell value of row : " + row + " and cell " + column + " is " + cell_text): null

2018-11-22 13:30:49 - [TEST_STEP][PASSED] - Statement - cell_text = column_table.get(column).getText(): null

2018-11-22 13:30:49 - [TEST_STEP][PASSED] - Statement - println("Cell value of row : " + row + " and cell " + column + " is " + cell_text): null

2018-11-22 13:30:49 - [TEST_STEP][PASSED] - Statement - cell_text = column_table.get(column).getText(): null

2018-11-22 13:30:49 - [TEST_STEP][PASSED] - Statement - println("Cell value of row : " + row + " and cell " + column + " is " + cell_text): null

2018-11-22 13:30:49 - [TEST_STEP][PASSED] - Statement - cell_text = column_table.get(column).getText(): null

2018-11-22 13:30:49 - [TEST_STEP][PASSED] - Statement - println("Cell value of row : " + row + " and cell " + column + " is " + cell_text): null

2018-11-22 13:30:49 - [TEST_STEP][PASSED] - Statement - column_table = row_table.get(row).findElements(org.openqa.selenium.By.tagName("td")): null

2018-11-22 13:30:49 - [TEST_STEP][PASSED] - Statement - column_count = column_table.size(): null

2018-11-22 13:30:49 - [TEST_STEP][PASSED] - Statement - println("No of cell in rows : " + row + " are " + column_count): null

2018-11-22 13:30:49 - [TEST_STEP][PASSED] - Statement - For ([column = 0, column < column_count, (column++)]): null

2018-11-22 13:30:49 - [TEST_STEP][PASSED] - Statement - cell_text = column_table.get(column).getText(): null

2018-11-22 13:30:50 - [TEST_STEP][PASSED] - Statement - println("Cell value of row : " + row + " and cell " + column + " is " + cell_text): null

2018-11-22 13:30:50 - [TEST_STEP][PASSED] - Statement - cell_text = column_table.get(column).getText(): null

2018-11-22 13:30:50 - [TEST_STEP][PASSED] - Statement - println("Cell value of row : " + row + " and cell " + column + " is " + cell_text): null

2018-11-22 13:30:50 - [TEST_STEP][PASSED] - Statement - cell_text = column_table.get(column).getText(): null

2018-11-22 13:30:50 - [TEST_STEP][PASSED] - Statement - println("Cell value of row : " + row + " and cell " + column + " is " + cell_text): null

2018-11-22 13:30:50 - [TEST_STEP][PASSED] - Statement - cell_text = column_table.get(column).getText(): null

2018-11-22 13:30:50 - [TEST_STEP][PASSED] - Statement - println("Cell value of row : " + row + " and cell " + column + " is " + cell_text): null

2018-11-22 13:30:50 - [TEST_STEP][PASSED] - Statement - cell_text = column_table.get(column).getText(): null

2018-11-22 13:30:50 - [TEST_STEP][PASSED] - Statement - println("Cell value of row : " + row + " and cell " + column + " is " + cell_text): null

2018-11-22 13:30:50 - [TEST_STEP][PASSED] - Statement - cell_text = column_table.get(column).getText(): null

2018-11-22 13:30:50 - [TEST_STEP][PASSED] - Statement - println("Cell value of row : " + row + " and cell " + column + " is " + cell_text): null

2018-11-22 13:30:50 - [TEST_STEP][PASSED] - Statement - column_table = row_table.get(row).findElements(org.openqa.selenium.By.tagName("td")): null

2018-11-22 13:30:50 - [TEST_STEP][PASSED] - Statement - column_count = column_table.size(): null

2018-11-22 13:30:50 - [TEST_STEP][PASSED] - Statement - println("No of cell in rows : " + row + " are " + column_count): null

2018-11-22 13:30:50 - [TEST_STEP][PASSED] - Statement - For ([column = 0, column < column_count, (column++)]): null

2018-11-22 13:30:50 - [TEST_STEP][PASSED] - Statement - cell_text = column_table.get(column).getText(): null

2018-11-22 13:30:50 - [TEST_STEP][PASSED] - Statement - println("Cell value of row : " + row + " and cell " + column + " is " + cell_text): null

2018-11-22 13:30:50 - [TEST_STEP][PASSED] - Statement - cell_text = column_table.get(column).getText(): null

2018-11-22 13:30:50 - [TEST_STEP][PASSED] - Statement - println("Cell value of row : " + row + " and cell " + column + " is " + cell_text): null

2018-11-22 13:30:50 - [TEST_STEP][PASSED] - Statement - cell_text = column_table.get(column).getText(): null

2018-11-22 13:30:50 - [TEST_STEP][PASSED] - Statement - println("Cell value of row : " + row + " and cell " + column + " is " + cell_text): null

2018-11-22 13:30:50 - [TEST_STEP][PASSED] - Statement - cell_text = column_table.get(column).getText(): null

2018-11-22 13:30:50 - [TEST_STEP][PASSED] - Statement - println("Cell value of row : " + row + " and cell " + column + " is " + cell_text): null

2018-11-22 13:30:50 - [TEST_STEP][PASSED] - Statement - cell_text = column_table.get(column).getText(): null

2018-11-22 13:30:50 - [TEST_STEP][PASSED] - Statement - println("Cell value of row : " + row + " and cell " + column + " is " + cell_text): null

2018-11-22 13:30:50 - [TEST_STEP][PASSED] - Statement - cell_text = column_table.get(column).getText(): null

2018-11-22 13:30:50 - [TEST_STEP][PASSED] - Statement - println("Cell value of row : " + row + " and cell " + column + " is " + cell_text): null

2018-11-22 13:30:50 - [TEST_STEP][PASSED] - Statement - column_table = row_table.get(row).findElements(org.openqa.selenium.By.tagName("td")): null

2018-11-22 13:30:50 - [TEST_STEP][PASSED] - Statement - column_count = column_table.size(): null

2018-11-22 13:30:50 - [TEST_STEP][PASSED] - Statement - println("No of cell in rows : " + row + " are " + column_count): null

2018-11-22 13:30:50 - [TEST_STEP][PASSED] - Statement - For ([column = 0, column < column_count, (column++)]): null

2018-11-22 13:30:50 - [TEST_STEP][PASSED] - Statement - cell_text = column_table.get(column).getText(): null

2018-11-22 13:30:50 - [TEST_STEP][PASSED] - Statement - println("Cell value of row : " + row + " and cell " + column + " is " + cell_text): null

2018-11-22 13:30:50 - [TEST_STEP][PASSED] - Statement - cell_text = column_table.get(column).getText(): null

2018-11-22 13:30:51 - [TEST_STEP][PASSED] - Statement - println("Cell value of row : " + row + " and cell " + column + " is " + cell_text): null

2018-11-22 13:30:51 - [TEST_STEP][PASSED] - Statement - cell_text = column_table.get(column).getText(): null

2018-11-22 13:30:51 - [TEST_STEP][PASSED] - Statement - println("Cell value of row : " + row + " and cell " + column + " is " + cell_text): null

2018-11-22 13:30:51 - [TEST_STEP][PASSED] - Statement - cell_text = column_table.get(column).getText(): null

2018-11-22 13:30:51 - [TEST_STEP][PASSED] - Statement - println("Cell value of row : " + row + " and cell " + column + " is " + cell_text): null

2018-11-22 13:30:51 - [TEST_STEP][PASSED] - Statement - cell_text = column_table.get(column).getText(): null

2018-11-22 13:30:51 - [TEST_STEP][PASSED] - Statement - println("Cell value of row : " + row + " and cell " + column + " is " + cell_text): null

2018-11-22 13:30:51 - [TEST_STEP][PASSED] - Statement - cell_text = column_table.get(column).getText(): null

2018-11-22 13:30:51 - [TEST_STEP][PASSED] - Statement - println("Cell value of row : " + row + " and cell " + column + " is " + cell_text): null

2018-11-22 13:30:51 - [TEST_STEP][PASSED] - Statement - column_table = row_table.get(row).findElements(org.openqa.selenium.By.tagName("td")): null

2018-11-22 13:30:51 - [TEST_STEP][PASSED] - Statement - column_count = column_table.size(): null

2018-11-22 13:30:51 - [TEST_STEP][PASSED] - Statement - println("No of cell in rows : " + row + " are " + column_count): null

2018-11-22 13:30:51 - [TEST_STEP][PASSED] - Statement - For ([column = 0, column < column_count, (column++)]): null

2018-11-22 13:30:51 - [TEST_STEP][PASSED] - Statement - cell_text = column_table.get(column).getText(): null

2018-11-22 13:30:51 - [TEST_STEP][PASSED] - Statement - println("Cell value of row : " + row + " and cell " + column + " is " + cell_text): null

2018-11-22 13:30:51 - [TEST_STEP][PASSED] - Statement - cell_text = column_table.get(column).getText(): null

2018-11-22 13:30:51 - [TEST_STEP][PASSED] - Statement - println("Cell value of row : " + row + " and cell " + column + " is " + cell_text): null

2018-11-22 13:30:51 - [TEST_STEP][PASSED] - Statement - cell_text = column_table.get(column).getText(): null

2018-11-22 13:30:52 - [TEST_STEP][PASSED] - Statement - println("Cell value of row : " + row + " and cell " + column + " is " + cell_text): null

2018-11-22 13:30:52 - [TEST_STEP][PASSED] - Statement - cell_text = column_table.get(column).getText(): null

2018-11-22 13:30:52 - [TEST_STEP][PASSED] - Statement - println("Cell value of row : " + row + " and cell " + column + " is " + cell_text): null

2018-11-22 13:30:52 - [TEST_STEP][PASSED] - Statement - cell_text = column_table.get(column).getText(): null

2018-11-22 13:30:52 - [TEST_STEP][PASSED] - Statement - println("Cell value of row : " + row + " and cell " + column + " is " + cell_text): null

2018-11-22 13:30:52 - [TEST_STEP][PASSED] - Statement - cell_text = column_table.get(column).getText(): null

2018-11-22 13:30:52 - [TEST_STEP][PASSED] - Statement - println("Cell value of row : " + row + " and cell " + column + " is " + cell_text): null

2018-11-22 13:30:52 - [TEST_STEP][PASSED] - Statement - column_table = row_table.get(row).findElements(org.openqa.selenium.By.tagName("td")): null

2018-11-22 13:30:52 - [TEST_STEP][PASSED] - Statement - column_count = column_table.size(): null

2018-11-22 13:30:52 - [TEST_STEP][PASSED] - Statement - println("No of cell in rows : " + row + " are " + column_count): null

2018-11-22 13:30:52 - [TEST_STEP][PASSED] - Statement - For ([column = 0, column < column_count, (column++)]): null

2018-11-22 13:30:52 - [TEST_STEP][PASSED] - Statement - cell_text = column_table.get(column).getText(): null

2018-11-22 13:30:52 - [TEST_STEP][PASSED] - Statement - println("Cell value of row : " + row + " and cell " + column + " is " + cell_text): null

2018-11-22 13:30:52 - [TEST_STEP][PASSED] - Statement - cell_text = column_table.get(column).getText(): null

2018-11-22 13:30:52 - [TEST_STEP][PASSED] - Statement - println("Cell value of row : " + row + " and cell " + column + " is " + cell_text): null

2018-11-22 13:30:52 - [TEST_STEP][PASSED] - Statement - cell_text = column_table.get(column).getText(): null

2018-11-22 13:30:52 - [TEST_STEP][PASSED] - Statement - println("Cell value of row : " + row + " and cell " + column + " is " + cell_text): null

2018-11-22 13:30:52 - [TEST_STEP][PASSED] - Statement - cell_text = column_table.get(column).getText(): null

2018-11-22 13:30:52 - [TEST_STEP][PASSED] - Statement - println("Cell value of row : " + row + " and cell " + column + " is " + cell_text): null

2018-11-22 13:30:52 - [TEST_STEP][PASSED] - Statement - cell_text = column_table.get(column).getText(): null

2018-11-22 13:30:52 - [TEST_STEP][PASSED] - Statement - println("Cell value of row : " + row + " and cell " + column + " is " + cell_text): null

2018-11-22 13:30:52 - [TEST_STEP][PASSED] - Statement - cell_text = column_table.get(column).getText(): null

2018-11-22 13:30:52 - [TEST_STEP][PASSED] - Statement - println("Cell value of row : " + row + " and cell " + column + " is " + cell_text): null

2018-11-22 13:30:52 - [TEST_STEP][PASSED] - Statement - column_table = row_table.get(row).findElements(org.openqa.selenium.By.tagName("td")): null

2018-11-22 13:30:52 - [TEST_STEP][PASSED] - Statement - column_count = column_table.size(): null

2018-11-22 13:30:52 - [TEST_STEP][PASSED] - Statement - println("No of cell in rows : " + row + " are " + column_count): null

2018-11-22 13:30:52 - [TEST_STEP][PASSED] - Statement - For ([column = 0, column < column_count, (column++)]): null

2018-11-22 13:30:52 - [TEST_STEP][PASSED] - Statement - cell_text = column_table.get(column).getText(): null

2018-11-22 13:30:52 - [TEST_STEP][PASSED] - Statement - println("Cell value of row : " + row + " and cell " + column + " is " + cell_text): null

2018-11-22 13:30:52 - [TEST_STEP][PASSED] - Statement - cell_text = column_table.get(column).getText(): null

2018-11-22 13:30:52 - [TEST_STEP][PASSED] - Statement - println("Cell value of row : " + row + " and cell " + column + " is " + cell_text): null

2018-11-22 13:30:52 - [TEST_STEP][PASSED] - Statement - cell_text = column_table.get(column).getText(): null

2018-11-22 13:30:52 - [TEST_STEP][PASSED] - Statement - println("Cell value of row : " + row + " and cell " + column + " is " + cell_text): null

2018-11-22 13:30:52 - [TEST_STEP][PASSED] - Statement - cell_text = column_table.get(column).getText(): null

2018-11-22 13:30:52 - [TEST_STEP][PASSED] - Statement - println("Cell value of row : " + row + " and cell " + column + " is " + cell_text): null

2018-11-22 13:30:52 - [TEST_STEP][PASSED] - Statement - cell_text = column_table.get(column).getText(): null

2018-11-22 13:30:52 - [TEST_STEP][PASSED] - Statement - println("Cell value of row : " + row + " and cell " + column + " is " + cell_text): null

2018-11-22 13:30:52 - [TEST_STEP][PASSED] - Statement - cell_text = column_table.get(column).getText(): null

2018-11-22 13:30:52 - [TEST_STEP][PASSED] - Statement - println("Cell value of row : " + row + " and cell " + column + " is " + cell_text): null

2018-11-22 13:30:52 - [TEST_STEP][PASSED] - Statement - Try: null

2018-11-22 13:30:52 - [TEST_STEP][PASSED] - Statement - (a++): null

2018-11-22 13:30:52 - [TEST_STEP][PASSED] - Statement - println(a): null

2018-11-22 13:30:52 - [TEST_STEP][PASSED] - Statement - element = driver.findElement(org.openqa.selenium.By.xpath(".//*[@id='example_paginate']/span/a[" + i + "]")).click(): null

2018-11-22 13:30:53 - [TEST_STEP][PASSED] - Statement - java.lang.Thread.sleep(2000): null

2018-11-22 13:30:55 - [TEST_STEP][PASSED] - Statement - row_table = driver.findElements(org.openqa.selenium.By.xpath(".//*[@id='example']/tbody/tr")): null

2018-11-22 13:30:55 - [TEST_STEP][PASSED] - Statement - row_count = row_table.size(): null

2018-11-22 13:30:55 - [TEST_STEP][PASSED] - Statement - println("No of rows are : " + row_count): null

2018-11-22 13:30:55 - [TEST_STEP][PASSED] - Statement - For ([row = 0, row < row_count, (row++)]): null

2018-11-22 13:30:55 - [TEST_STEP][PASSED] - Statement - column_table = row_table.get(row).findElements(org.openqa.selenium.By.tagName("td")): null

2018-11-22 13:30:55 - [TEST_STEP][PASSED] - Statement - column_count = column_table.size(): null

2018-11-22 13:30:55 - [TEST_STEP][PASSED] - Statement - println("No of cell in rows : " + row + " are " + column_count): null

2018-11-22 13:30:55 - [TEST_STEP][PASSED] - Statement - For ([column = 0, column < column_count, (column++)]): null

2018-11-22 13:30:55 - [TEST_STEP][PASSED] - Statement - cell_text = column_table.get(column).getText(): null

2018-11-22 13:30:55 - [TEST_STEP][PASSED] - Statement - println("Cell value of row : " + row + " and cell " + column + " is " + cell_text): null

2018-11-22 13:30:55 - [TEST_STEP][PASSED] - Statement - cell_text = column_table.get(column).getText(): null

2018-11-22 13:30:55 - [TEST_STEP][PASSED] - Statement - println("Cell value of row : " + row + " and cell " + column + " is " + cell_text): null

2018-11-22 13:30:55 - [TEST_STEP][PASSED] - Statement - cell_text = column_table.get(column).getText(): null

2018-11-22 13:30:55 - [TEST_STEP][PASSED] - Statement - println("Cell value of row : " + row + " and cell " + column + " is " + cell_text): null

2018-11-22 13:30:55 - [TEST_STEP][PASSED] - Statement - cell_text = column_table.get(column).getText(): null

2018-11-22 13:30:55 - [TEST_STEP][PASSED] - Statement - println("Cell value of row : " + row + " and cell " + column + " is " + cell_text): null

2018-11-22 13:30:55 - [TEST_STEP][PASSED] - Statement - cell_text = column_table.get(column).getText(): null

2018-11-22 13:30:55 - [TEST_STEP][PASSED] - Statement - println("Cell value of row : " + row + " and cell " + column + " is " + cell_text): null

2018-11-22 13:30:55 - [TEST_STEP][PASSED] - Statement - cell_text = column_table.get(column).getText(): null

2018-11-22 13:30:56 - [TEST_STEP][PASSED] - Statement - println("Cell value of row : " + row + " and cell " + column + " is " + cell_text): null

2018-11-22 13:30:56 - [TEST_STEP][PASSED] - Statement - column_table = row_table.get(row).findElements(org.openqa.selenium.By.tagName("td")): null

2018-11-22 13:30:56 - [TEST_STEP][PASSED] - Statement - column_count = column_table.size(): null

2018-11-22 13:30:56 - [TEST_STEP][PASSED] - Statement - println("No of cell in rows : " + row + " are " + column_count): null

2018-11-22 13:30:56 - [TEST_STEP][PASSED] - Statement - For ([column = 0, column < column_count, (column++)]): null

2018-11-22 13:30:56 - [TEST_STEP][PASSED] - Statement - cell_text = column_table.get(column).getText(): null

2018-11-22 13:30:56 - [TEST_STEP][PASSED] - Statement - println("Cell value of row : " + row + " and cell " + column + " is " + cell_text): null

2018-11-22 13:30:56 - [TEST_STEP][PASSED] - Statement - cell_text = column_table.get(column).getText(): null

2018-11-22 13:30:56 - [TEST_STEP][PASSED] - Statement - println("Cell value of row : " + row + " and cell " + column + " is " + cell_text): null

2018-11-22 13:30:56 - [TEST_STEP][PASSED] - Statement - cell_text = column_table.get(column).getText(): null

2018-11-22 13:30:56 - [TEST_STEP][PASSED] - Statement - println("Cell value of row : " + row + " and cell " + column + " is " + cell_text): null

2018-11-22 13:30:56 - [TEST_STEP][PASSED] - Statement - cell_text = column_table.get(column).getText(): null

2018-11-22 13:30:56 - [TEST_STEP][PASSED] - Statement - println("Cell value of row : " + row + " and cell " + column + " is " + cell_text): null

2018-11-22 13:30:56 - [TEST_STEP][PASSED] - Statement - cell_text = column_table.get(column).getText(): null

2018-11-22 13:30:56 - [TEST_STEP][PASSED] - Statement - println("Cell value of row : " + row + " and cell " + column + " is " + cell_text): null

2018-11-22 13:30:56 - [TEST_STEP][PASSED] - Statement - cell_text = column_table.get(column).getText(): null

2018-11-22 13:30:56 - [TEST_STEP][PASSED] - Statement - println("Cell value of row : " + row + " and cell " + column + " is " + cell_text): null

2018-11-22 13:30:56 - [TEST_STEP][PASSED] - Statement - column_table = row_table.get(row).findElements(org.openqa.selenium.By.tagName("td")): null

2018-11-22 13:30:56 - [TEST_STEP][PASSED] - Statement - column_count = column_table.size(): null

2018-11-22 13:30:56 - [TEST_STEP][PASSED] - Statement - println("No of cell in rows : " + row + " are " + column_count): null

2018-11-22 13:30:56 - [TEST_STEP][PASSED] - Statement - For ([column = 0, column < column_count, (column++)]): null

2018-11-22 13:30:56 - [TEST_STEP][PASSED] - Statement - cell_text = column_table.get(column).getText(): null

2018-11-22 13:30:56 - [TEST_STEP][PASSED] - Statement - println("Cell value of row : " + row + " and cell " + column + " is " + cell_text): null

2018-11-22 13:30:56 - [TEST_STEP][PASSED] - Statement - cell_text = column_table.get(column).getText(): null

2018-11-22 13:30:56 - [TEST_STEP][PASSED] - Statement - println("Cell value of row : " + row + " and cell " + column + " is " + cell_text): null

2018-11-22 13:30:56 - [TEST_STEP][PASSED] - Statement - cell_text = column_table.get(column).getText(): null

2018-11-22 13:30:56 - [TEST_STEP][PASSED] - Statement - println("Cell value of row : " + row + " and cell " + column + " is " + cell_text): null

2018-11-22 13:30:56 - [TEST_STEP][PASSED] - Statement - cell_text = column_table.get(column).getText(): null

2018-11-22 13:30:56 - [TEST_STEP][PASSED] - Statement - println("Cell value of row : " + row + " and cell " + column + " is " + cell_text): null

2018-11-22 13:30:56 - [TEST_STEP][PASSED] - Statement - cell_text = column_table.get(column).getText(): null

2018-11-22 13:30:56 - [TEST_STEP][PASSED] - Statement - println("Cell value of row : " + row + " and cell " + column + " is " + cell_text): null

2018-11-22 13:30:56 - [TEST_STEP][PASSED] - Statement - cell_text = column_table.get(column).getText(): null

2018-11-22 13:30:57 - [TEST_STEP][PASSED] - Statement - println("Cell value of row : " + row + " and cell " + column + " is " + cell_text): null

2018-11-22 13:30:57 - [TEST_STEP][PASSED] - Statement - column_table = row_table.get(row).findElements(org.openqa.selenium.By.tagName("td")): null

2018-11-22 13:30:57 - [TEST_STEP][PASSED] - Statement - column_count = column_table.size(): null

2018-11-22 13:30:57 - [TEST_STEP][PASSED] - Statement - println("No of cell in rows : " + row + " are " + column_count): null

2018-11-22 13:30:57 - [TEST_STEP][PASSED] - Statement - For ([column = 0, column < column_count, (column++)]): null

2018-11-22 13:30:57 - [TEST_STEP][PASSED] - Statement - cell_text = column_table.get(column).getText(): null

2018-11-22 13:30:57 - [TEST_STEP][PASSED] - Statement - println("Cell value of row : " + row + " and cell " + column + " is " + cell_text): null

2018-11-22 13:30:57 - [TEST_STEP][PASSED] - Statement - cell_text = column_table.get(column).getText(): null

2018-11-22 13:30:57 - [TEST_STEP][PASSED] - Statement - println("Cell value of row : " + row + " and cell " + column + " is " + cell_text): null

2018-11-22 13:30:57 - [TEST_STEP][PASSED] - Statement - cell_text = column_table.get(column).getText(): null

2018-11-22 13:30:57 - [TEST_STEP][PASSED] - Statement - println("Cell value of row : " + row + " and cell " + column + " is " + cell_text): null

2018-11-22 13:30:57 - [TEST_STEP][PASSED] - Statement - cell_text = column_table.get(column).getText(): null

2018-11-22 13:30:57 - [TEST_STEP][PASSED] - Statement - println("Cell value of row : " + row + " and cell " + column + " is " + cell_text): null

2018-11-22 13:30:57 - [TEST_STEP][PASSED] - Statement - cell_text = column_table.get(column).getText(): null

2018-11-22 13:30:57 - [TEST_STEP][PASSED] - Statement - println("Cell value of row : " + row + " and cell " + column + " is " + cell_text): null

2018-11-22 13:30:57 - [TEST_STEP][PASSED] - Statement - cell_text = column_table.get(column).getText(): null

2018-11-22 13:30:57 - [TEST_STEP][PASSED] - Statement - println("Cell value of row : " + row + " and cell " + column + " is " + cell_text): null

2018-11-22 13:30:57 - [TEST_STEP][PASSED] - Statement - column_table = row_table.get(row).findElements(org.openqa.selenium.By.tagName("td")): null

2018-11-22 13:30:57 - [TEST_STEP][PASSED] - Statement - column_count = column_table.size(): null

2018-11-22 13:30:57 - [TEST_STEP][PASSED] - Statement - println("No of cell in rows : " + row + " are " + column_count): null

2018-11-22 13:30:57 - [TEST_STEP][PASSED] - Statement - For ([column = 0, column < column_count, (column++)]): null

2018-11-22 13:30:57 - [TEST_STEP][PASSED] - Statement - cell_text = column_table.get(column).getText(): null

2018-11-22 13:30:57 - [TEST_STEP][PASSED] - Statement - println("Cell value of row : " + row + " and cell " + column + " is " + cell_text): null

2018-11-22 13:30:57 - [TEST_STEP][PASSED] - Statement - cell_text = column_table.get(column).getText(): null

2018-11-22 13:30:57 - [TEST_STEP][PASSED] - Statement - println("Cell value of row : " + row + " and cell " + column + " is " + cell_text): null

2018-11-22 13:30:57 - [TEST_STEP][PASSED] - Statement - cell_text = column_table.get(column).getText(): null

2018-11-22 13:30:57 - [TEST_STEP][PASSED] - Statement - println("Cell value of row : " + row + " and cell " + column + " is " + cell_text): null

2018-11-22 13:30:57 - [TEST_STEP][PASSED] - Statement - cell_text = column_table.get(column).getText(): null

2018-11-22 13:30:57 - [TEST_STEP][PASSED] - Statement - println("Cell value of row : " + row + " and cell " + column + " is " + cell_text): null

2018-11-22 13:30:57 - [TEST_STEP][PASSED] - Statement - cell_text = column_table.get(column).getText(): null

2018-11-22 13:30:57 - [TEST_STEP][PASSED] - Statement - println("Cell value of row : " + row + " and cell " + column + " is " + cell_text): null

2018-11-22 13:30:57 - [TEST_STEP][PASSED] - Statement - cell_text = column_table.get(column).getText(): null

2018-11-22 13:30:57 - [TEST_STEP][PASSED] - Statement - println("Cell value of row : " + row + " and cell " + column + " is " + cell_text): null

2018-11-22 13:30:57 - [TEST_STEP][PASSED] - Statement - column_table = row_table.get(row).findElements(org.openqa.selenium.By.tagName("td")): null

2018-11-22 13:30:57 - [TEST_STEP][PASSED] - Statement - column_count = column_table.size(): null

2018-11-22 13:30:57 - [TEST_STEP][PASSED] - Statement - println("No of cell in rows : " + row + " are " + column_count): null

2018-11-22 13:30:57 - [TEST_STEP][PASSED] - Statement - For ([column = 0, column < column_count, (column++)]): null

2018-11-22 13:30:57 - [TEST_STEP][PASSED] - Statement - cell_text = column_table.get(column).getText(): null

2018-11-22 13:30:58 - [TEST_STEP][PASSED] - Statement - println("Cell value of row : " + row + " and cell " + column + " is " + cell_text): null

2018-11-22 13:30:58 - [TEST_STEP][PASSED] - Statement - cell_text = column_table.get(column).getText(): null

2018-11-22 13:30:58 - [TEST_STEP][PASSED] - Statement - println("Cell value of row : " + row + " and cell " + column + " is " + cell_text): null

2018-11-22 13:30:58 - [TEST_STEP][PASSED] - Statement - cell_text = column_table.get(column).getText(): null

2018-11-22 13:30:58 - [TEST_STEP][PASSED] - Statement - println("Cell value of row : " + row + " and cell " + column + " is " + cell_text): null

2018-11-22 13:30:58 - [TEST_STEP][PASSED] - Statement - cell_text = column_table.get(column).getText(): null

2018-11-22 13:30:58 - [TEST_STEP][PASSED] - Statement - println("Cell value of row : " + row + " and cell " + column + " is " + cell_text): null

2018-11-22 13:30:58 - [TEST_STEP][PASSED] - Statement - cell_text = column_table.get(column).getText(): null

2018-11-22 13:30:58 - [TEST_STEP][PASSED] - Statement - println("Cell value of row : " + row + " and cell " + column + " is " + cell_text): null

2018-11-22 13:30:58 - [TEST_STEP][PASSED] - Statement - cell_text = column_table.get(column).getText(): null

2018-11-22 13:30:58 - [TEST_STEP][PASSED] - Statement - println("Cell value of row : " + row + " and cell " + column + " is " + cell_text): null

2018-11-22 13:30:58 - [TEST_STEP][PASSED] - Statement - column_table = row_table.get(row).findElements(org.openqa.selenium.By.tagName("td")): null

2018-11-22 13:30:58 - [TEST_STEP][PASSED] - Statement - column_count = column_table.size(): null

2018-11-22 13:30:58 - [TEST_STEP][PASSED] - Statement - println("No of cell in rows : " + row + " are " + column_count): null

2018-11-22 13:30:58 - [TEST_STEP][PASSED] - Statement - For ([column = 0, column < column_count, (column++)]): null

2018-11-22 13:30:58 - [TEST_STEP][PASSED] - Statement - cell_text = column_table.get(column).getText(): null

2018-11-22 13:30:58 - [TEST_STEP][PASSED] - Statement - println("Cell value of row : " + row + " and cell " + column + " is " + cell_text): null

2018-11-22 13:30:58 - [TEST_STEP][PASSED] - Statement - cell_text = column_table.get(column).getText(): null

2018-11-22 13:30:58 - [TEST_STEP][PASSED] - Statement - println("Cell value of row : " + row + " and cell " + column + " is " + cell_text): null

2018-11-22 13:30:58 - [TEST_STEP][PASSED] - Statement - cell_text = column_table.get(column).getText(): null

2018-11-22 13:30:58 - [TEST_STEP][PASSED] - Statement - println("Cell value of row : " + row + " and cell " + column + " is " + cell_text): null

2018-11-22 13:30:58 - [TEST_STEP][PASSED] - Statement - cell_text = column_table.get(column).getText(): null

2018-11-22 13:30:58 - [TEST_STEP][PASSED] - Statement - println("Cell value of row : " + row + " and cell " + column + " is " + cell_text): null

2018-11-22 13:30:58 - [TEST_STEP][PASSED] - Statement - cell_text = column_table.get(column).getText(): null

2018-11-22 13:30:58 - [TEST_STEP][PASSED] - Statement - println("Cell value of row : " + row + " and cell " + column + " is " + cell_text): null

2018-11-22 13:30:58 - [TEST_STEP][PASSED] - Statement - cell_text = column_table.get(column).getText(): null

2018-11-22 13:30:58 - [TEST_STEP][PASSED] - Statement - println("Cell value of row : " + row + " and cell " + column + " is " + cell_text): null

2018-11-22 13:30:58 - [TEST_STEP][PASSED] - Statement - column_table = row_table.get(row).findElements(org.openqa.selenium.By.tagName("td")): null

2018-11-22 13:30:58 - [TEST_STEP][PASSED] - Statement - column_count = column_table.size(): null

2018-11-22 13:30:58 - [TEST_STEP][PASSED] - Statement - println("No of cell in rows : " + row + " are " + column_count): null

2018-11-22 13:30:58 - [TEST_STEP][PASSED] - Statement - For ([column = 0, column < column_count, (column++)]): null

2018-11-22 13:30:58 - [TEST_STEP][PASSED] - Statement - cell_text = column_table.get(column).getText(): null

2018-11-22 13:30:58 - [TEST_STEP][PASSED] - Statement - println("Cell value of row : " + row + " and cell " + column + " is " + cell_text): null

2018-11-22 13:30:58 - [TEST_STEP][PASSED] - Statement - cell_text = column_table.get(column).getText(): null

2018-11-22 13:30:58 - [TEST_STEP][PASSED] - Statement - println("Cell value of row : " + row + " and cell " + column + " is " + cell_text): null

2018-11-22 13:30:58 - [TEST_STEP][PASSED] - Statement - cell_text = column_table.get(column).getText(): null

2018-11-22 13:30:58 - [TEST_STEP][PASSED] - Statement - println("Cell value of row : " + row + " and cell " + column + " is " + cell_text): null

2018-11-22 13:30:58 - [TEST_STEP][PASSED] - Statement - cell_text = column_table.get(column).getText(): null

2018-11-22 13:30:58 - [TEST_STEP][PASSED] - Statement - println("Cell value of row : " + row + " and cell " + column + " is " + cell_text): null

2018-11-22 13:30:58 - [TEST_STEP][PASSED] - Statement - cell_text = column_table.get(column).getText(): null

2018-11-22 13:30:58 - [TEST_STEP][PASSED] - Statement - println("Cell value of row : " + row + " and cell " + column + " is " + cell_text): null

2018-11-22 13:30:58 - [TEST_STEP][PASSED] - Statement - cell_text = column_table.get(column).getText(): null

2018-11-22 13:30:59 - [TEST_STEP][PASSED] - Statement - println("Cell value of row : " + row + " and cell " + column + " is " + cell_text): null

2018-11-22 13:30:59 - [TEST_STEP][PASSED] - Statement - column_table = row_table.get(row).findElements(org.openqa.selenium.By.tagName("td")): null

2018-11-22 13:30:59 - [TEST_STEP][PASSED] - Statement - column_count = column_table.size(): null

2018-11-22 13:30:59 - [TEST_STEP][PASSED] - Statement - println("No of cell in rows : " + row + " are " + column_count): null

2018-11-22 13:30:59 - [TEST_STEP][PASSED] - Statement - For ([column = 0, column < column_count, (column++)]): null

2018-11-22 13:30:59 - [TEST_STEP][PASSED] - Statement - cell_text = column_table.get(column).getText(): null

2018-11-22 13:30:59 - [TEST_STEP][PASSED] - Statement - println("Cell value of row : " + row + " and cell " + column + " is " + cell_text): null

2018-11-22 13:30:59 - [TEST_STEP][PASSED] - Statement - cell_text = column_table.get(column).getText(): null

2018-11-22 13:30:59 - [TEST_STEP][PASSED] - Statement - println("Cell value of row : " + row + " and cell " + column + " is " + cell_text): null

2018-11-22 13:30:59 - [TEST_STEP][PASSED] - Statement - cell_text = column_table.get(column).getText(): null

2018-11-22 13:30:59 - [TEST_STEP][PASSED] - Statement - println("Cell value of row : " + row + " and cell " + column + " is " + cell_text): null

2018-11-22 13:30:59 - [TEST_STEP][PASSED] - Statement - cell_text = column_table.get(column).getText(): null

2018-11-22 13:30:59 - [TEST_STEP][PASSED] - Statement - println("Cell value of row : " + row + " and cell " + column + " is " + cell_text): null

2018-11-22 13:30:59 - [TEST_STEP][PASSED] - Statement - cell_text = column_table.get(column).getText(): null

2018-11-22 13:30:59 - [TEST_STEP][PASSED] - Statement - println("Cell value of row : " + row + " and cell " + column + " is " + cell_text): null

2018-11-22 13:30:59 - [TEST_STEP][PASSED] - Statement - cell_text = column_table.get(column).getText(): null

2018-11-22 13:30:59 - [TEST_STEP][PASSED] - Statement - println("Cell value of row : " + row + " and cell " + column + " is " + cell_text): null

2018-11-22 13:30:59 - [TEST_STEP][PASSED] - Statement - column_table = row_table.get(row).findElements(org.openqa.selenium.By.tagName("td")): null

2018-11-22 13:30:59 - [TEST_STEP][PASSED] - Statement - column_count = column_table.size(): null

2018-11-22 13:30:59 - [TEST_STEP][PASSED] - Statement - println("No of cell in rows : " + row + " are " + column_count): null

2018-11-22 13:30:59 - [TEST_STEP][PASSED] - Statement - For ([column = 0, column < column_count, (column++)]): null

2018-11-22 13:30:59 - [TEST_STEP][PASSED] - Statement - cell_text = column_table.get(column).getText(): null

2018-11-22 13:30:59 - [TEST_STEP][PASSED] - Statement - println("Cell value of row : " + row + " and cell " + column + " is " + cell_text): null

2018-11-22 13:30:59 - [TEST_STEP][PASSED] - Statement - cell_text = column_table.get(column).getText(): null

2018-11-22 13:30:59 - [TEST_STEP][PASSED] - Statement - println("Cell value of row : " + row + " and cell " + column + " is " + cell_text): null

2018-11-22 13:30:59 - [TEST_STEP][PASSED] - Statement - cell_text = column_table.get(column).getText(): null

2018-11-22 13:30:59 - [TEST_STEP][PASSED] - Statement - println("Cell value of row : " + row + " and cell " + column + " is " + cell_text): null

2018-11-22 13:30:59 - [TEST_STEP][PASSED] - Statement - cell_text = column_table.get(column).getText(): null

2018-11-22 13:30:59 - [TEST_STEP][PASSED] - Statement - println("Cell value of row : " + row + " and cell " + column + " is " + cell_text): null

2018-11-22 13:30:59 - [TEST_STEP][PASSED] - Statement - cell_text = column_table.get(column).getText(): null

2018-11-22 13:30:59 - [TEST_STEP][PASSED] - Statement - println("Cell value of row : " + row + " and cell " + column + " is " + cell_text): null

2018-11-22 13:30:59 - [TEST_STEP][PASSED] - Statement - cell_text = column_table.get(column).getText(): null

2018-11-22 13:30:59 - [TEST_STEP][PASSED] - Statement - println("Cell value of row : " + row + " and cell " + column + " is " + cell_text): null

2018-11-22 13:30:59 - [TEST_STEP][PASSED] - Statement - Try: null

2018-11-22 13:30:59 - [TEST_STEP][PASSED] - Statement - (a++): null

2018-11-22 13:30:59 - [TEST_STEP][PASSED] - Statement - println(a): null

2018-11-22 13:30:59 - [TEST_STEP][PASSED] - Statement - element = driver.findElement(org.openqa.selenium.By.xpath(".//*[@id='example_paginate']/span/a[" + i + "]")).click(): null

2018-11-22 13:30:59 - [TEST_STEP][PASSED] - Statement - java.lang.Thread.sleep(2000): null

2018-11-22 13:31:01 - [TEST_STEP][PASSED] - Statement - row_table = driver.findElements(org.openqa.selenium.By.xpath(".//*[@id='example']/tbody/tr")): null

2018-11-22 13:31:01 - [TEST_STEP][PASSED] - Statement - row_count = row_table.size(): null

2018-11-22 13:31:01 - [TEST_STEP][PASSED] - Statement - println("No of rows are : " + row_count): null

2018-11-22 13:31:01 - [TEST_STEP][PASSED] - Statement - For ([row = 0, row < row_count, (row++)]): null

2018-11-22 13:31:01 - [TEST_STEP][PASSED] - Statement - column_table = row_table.get(row).findElements(org.openqa.selenium.By.tagName("td")): null

2018-11-22 13:31:02 - [TEST_STEP][PASSED] - Statement - column_count = column_table.size(): null

2018-11-22 13:31:02 - [TEST_STEP][PASSED] - Statement - println("No of cell in rows : " + row + " are " + column_count): null

2018-11-22 13:31:02 - [TEST_STEP][PASSED] - Statement - For ([column = 0, column < column_count, (column++)]): null

2018-11-22 13:31:02 - [TEST_STEP][PASSED] - Statement - cell_text = column_table.get(column).getText(): null

2018-11-22 13:31:02 - [TEST_STEP][PASSED] - Statement - println("Cell value of row : " + row + " and cell " + column + " is " + cell_text): null

2018-11-22 13:31:02 - [TEST_STEP][PASSED] - Statement - cell_text = column_table.get(column).getText(): null

2018-11-22 13:31:02 - [TEST_STEP][PASSED] - Statement - println("Cell value of row : " + row + " and cell " + column + " is " + cell_text): null

2018-11-22 13:31:02 - [TEST_STEP][PASSED] - Statement - cell_text = column_table.get(column).getText(): null

2018-11-22 13:31:02 - [TEST_STEP][PASSED] - Statement - println("Cell value of row : " + row + " and cell " + column + " is " + cell_text): null

2018-11-22 13:31:02 - [TEST_STEP][PASSED] - Statement - cell_text = column_table.get(column).getText(): null

2018-11-22 13:31:02 - [TEST_STEP][PASSED] - Statement - println("Cell value of row : " + row + " and cell " + column + " is " + cell_text): null

2018-11-22 13:31:02 - [TEST_STEP][PASSED] - Statement - cell_text = column_table.get(column).getText(): null

2018-11-22 13:31:02 - [TEST_STEP][PASSED] - Statement - println("Cell value of row : " + row + " and cell " + column + " is " + cell_text): null

2018-11-22 13:31:02 - [TEST_STEP][PASSED] - Statement - cell_text = column_table.get(column).getText(): null

2018-11-22 13:31:02 - [TEST_STEP][PASSED] - Statement - println("Cell value of row : " + row + " and cell " + column + " is " + cell_text): null]]></system-out>
         <system-err><![CDATA[]]></system-err>
      </testcase>
      <system-out><![CDATA[2018-11-22 13:30:27 - [TEST_SUITE][PASSED] - Demo: Test Cases/Demo/DataTable]]></system-out>
      <system-err><![CDATA[]]></system-err>
   </testsuite>
</testsuites>
