<?xml version="1.0" encoding="UTF-8"?>
<testsuites name="Demo" time="64" tests="2" failures="0" errors="0">
   <testsuite name="Demo" tests="2" failures="0" errors="0" time="64" timestamp="2018-11-27 15:29:25" hostname="longnguyen - LONGNGUYEN.vodc.lan" id="Test Suites/Demo">
      <properties>
         <property name="deviceName" value=""/>
         <property name="devicePlatform" value=""/>
         <property name="logFolder" value="E:\\WORK\\Katalon_CURA Testproject\\Reports\\Demo\\20181127_152922"/>
         <property name="logFiles" value="E:\\WORK\\Katalon_CURA Testproject\\Reports\\Demo\\20181127_152922\\execution0.log"/>
         <property name="attachments" value=""/>
         <property name="hostName" value="longnguyen - LONGNGUYEN.vodc.lan"/>
         <property name="os" value="Windows 10 64bit"/>
         <property name="katalonVersion" value="5.8.6.1"/>
         <property name="browser" value="Chrome 70.0.3538.102"/>
         <property name="dbServerInfo" value="Microsoft SQL Server 12.00.4100"/>
         <property name="hostAddress" value="10.10.10.62"/>
         <property name="sessionId" value="5dfb7531482ab8cba210d8d5172379a9"/>
         <property name="seleniumVersion" value="3.7.1"/>
         <property name="proxyInformation" value="ProxyInformation{proxyOption=NO_PROXY, proxyServerType=HTTP, password=, proxyServerAddress=, proxyServerPort=0}"/>
         <property name="platform" value="Windows 10"/>
      </properties>
      <testcase name="Test Cases/Demo/Text" classname="Test Cases/Demo/Text" status="PASSED">
         <system-out><![CDATA[2018-11-27 15:29:26 - [TEST_CASE][PASSED] - Test Cases/Demo/Text: Test Cases/Demo/Text

2018-11-27 15:29:26 - [TEST_STEP][PASSED] - Start listener action : sampleBeforeTestCase: Invoke 'com.kms.katalon.core.annotation.BeforeTestCase' method: 'NewTestListener.sampleBeforeTestCase(...)' completed.

2018-11-27 15:29:27 - [TEST_STEP][PASSED] - Statement - println(testCaseContext.getTestCaseId()): null

2018-11-27 15:29:27 - [TEST_STEP][PASSED] - Statement - println(testCaseContext.getTestCaseVariables()): Invoke 'com.kms.katalon.core.annotation.BeforeTestCase' method: 'NewTestListener.sampleBeforeTestCase(...)' completed.

2018-11-27 15:29:28 - [TEST_STEP][PASSED] - openBrowser: Browser is opened with url: ''

2018-11-27 15:29:34 - [MESSAGE][PASSED] - Browser is opened with url: ''

2018-11-27 15:29:34 - [TEST_STEP][PASSED] - navigateToUrl: Navigate to 'https://www.seleniumeasy.com/test/basic-first-form-demo.html' successfully

2018-11-27 15:29:38 - [MESSAGE][PASSED] - Navigate to 'https://www.seleniumeasy.com/test/basic-first-form-demo.html' successfully

2018-11-27 15:29:38 - [TEST_STEP][PASSED] - maximizeWindow: Current window maximized

2018-11-27 15:29:40 - [MESSAGE][PASSED] - Current window maximized

2018-11-27 15:29:40 - [TEST_STEP][PASSED] - verifyTextPresent: Text 'This would be your first example to start with Selenium.' is present on page 

2018-11-27 15:29:40 - [MESSAGE][PASSED] - Text 'This would be your first example to start with Selenium.' is present on page 

2018-11-27 15:29:40 - [TEST_STEP][PASSED] - Statement - java.lang.Thread.sleep(2000): null

2018-11-27 15:29:42 - [TEST_STEP][PASSED] - callTestCase: Call Test Case 'Test Cases/Demo/ConnectDatabase' successfully

2018-11-27 15:29:43 - [TEST_CASE][PASSED] - Test Cases/Demo/ConnectDatabase: Test Cases/Demo/ConnectDatabase

2018-11-27 15:29:43 - [TEST_STEP][PASSED] - demo.Database.connectDB: demo.Database.connectDB is PASSED

2018-11-27 15:29:46 - [MESSAGE][PASSED] - demo.Database.connectDB is PASSED

2018-11-27 15:29:46 - [MESSAGE][PASSED] - Call Test Case 'Test Cases/Demo/ConnectDatabase' successfully

2018-11-27 15:29:46 - [TEST_STEP][PASSED] - Statement - rs = CustomKeywords.demo.Database.executeQuery(com.kms.katalon.core.testdata.TestDataFactory.findTestData(Demo/Sample_TC_Text_xlsx).getValue(14, 6)): demo.Database.executeQuery is PASSED

2018-11-27 15:29:47 - [MESSAGE][PASSED] - demo.Database.executeQuery is PASSED

2018-11-27 15:29:47 - [TEST_STEP][PASSED] - Statement - description = <not implemented yet for class: org.codehaus.groovy.ast.expr.EmptyExpression>: null

2018-11-27 15:29:47 - [TEST_STEP][PASSED] - Statement - While (rs.next()): null

2018-11-27 15:29:48 - [TEST_STEP][PASSED] - Statement - description = rs.getString(1): null

2018-11-27 15:29:48 - [TEST_STEP][PASSED] - Statement - out.println(description): null

2018-11-27 15:29:48 - [TEST_STEP][PASSED] - demo.Database.closeDatabaseConnection: demo.Database.closeDatabaseConnection is PASSED

2018-11-27 15:29:48 - [MESSAGE][PASSED] - demo.Database.closeDatabaseConnection is PASSED

2018-11-27 15:29:48 - [TEST_STEP][PASSED] - verifyEqual: Actual object 'This would be your first example to start with Selenium.' and expected object 'This would be your first example to start with Selenium.' are equal

2018-11-27 15:29:48 - [MESSAGE][PASSED] - Actual object 'This would be your first example to start with Selenium.' and expected object 'This would be your first example to start with Selenium.' are equal

2018-11-27 15:29:48 - [TEST_STEP][PASSED] - verifyTextPresent: Text 'This would be your first example to start with Selenium.' is present on page 

2018-11-27 15:29:50 - [MESSAGE][PASSED] - Text 'This would be your first example to start with Selenium.' is present on page]]></system-out>
         <system-err><![CDATA[]]></system-err>
      </testcase>
      <testcase name="Test Cases/Demo/Textbox" classname="Test Cases/Demo/Textbox" status="PASSED">
         <system-out><![CDATA[2018-11-27 15:29:50 - [TEST_CASE][PASSED] - Test Cases/Demo/Textbox: Test Cases/Demo/Textbox

2018-11-27 15:29:50 - [TEST_STEP][PASSED] - Start listener action : sampleBeforeTestCase: Invoke 'com.kms.katalon.core.annotation.BeforeTestCase' method: 'NewTestListener.sampleBeforeTestCase(...)' completed.

2018-11-27 15:29:50 - [TEST_STEP][PASSED] - Statement - println(testCaseContext.getTestCaseId()): null

2018-11-27 15:29:50 - [TEST_STEP][PASSED] - Statement - println(testCaseContext.getTestCaseVariables()): Invoke 'com.kms.katalon.core.annotation.BeforeTestCase' method: 'NewTestListener.sampleBeforeTestCase(...)' completed.

2018-11-27 15:29:51 - [TEST_STEP][PASSED] - openBrowser: Browser is opened with url: ''

2018-11-27 15:29:51 - [MESSAGE][WARNING] - A browser is already opened. Closing browser and opening a new one

2018-11-27 15:29:57 - [MESSAGE][PASSED] - Browser is opened with url: ''

2018-11-27 15:29:57 - [TEST_STEP][PASSED] - navigateToUrl: Navigate to 'https://www.seleniumeasy.com/test/basic-first-form-demo.html' successfully

2018-11-27 15:29:59 - [MESSAGE][PASSED] - Navigate to 'https://www.seleniumeasy.com/test/basic-first-form-demo.html' successfully

2018-11-27 15:29:59 - [TEST_STEP][PASSED] - delay: Delayed 2 second(s)

2018-11-27 15:30:01 - [MESSAGE][PASSED] - Delayed 2 second(s)

2018-11-27 15:30:01 - [TEST_STEP][PASSED] - setText: Text 'Long_Nguyen tested Enter message' is set on object 'Object Repository/Demo/Textbox/input_Enter message_user-messa'

2018-11-27 15:30:02 - [MESSAGE][PASSED] - Text 'Long_Nguyen tested Enter message' is set on object 'Object Repository/Demo/Textbox/input_Enter message_user-messa'

2018-11-27 15:30:02 - [TEST_STEP][PASSED] - delay: Delayed 1 second(s)

2018-11-27 15:30:03 - [MESSAGE][PASSED] - Delayed 1 second(s)

2018-11-27 15:30:03 - [TEST_STEP][PASSED] - click: Object: 'Object Repository/Demo/Textbox/button_Show Message' is clicked on

2018-11-27 15:30:04 - [MESSAGE][PASSED] - Object: 'Object Repository/Demo/Textbox/button_Show Message' is clicked on

2018-11-27 15:30:04 - [TEST_STEP][PASSED] - verifyTextPresent: Text 'Long_Nguyen tested Enter message' is present on page 

2018-11-27 15:30:04 - [MESSAGE][PASSED] - Text 'Long_Nguyen tested Enter message' is present on page 

2018-11-27 15:30:04 - [TEST_STEP][PASSED] - Statement - java.lang.Thread.sleep(2000): null

2018-11-27 15:30:06 - [TEST_STEP][PASSED] - callTestCase: Call Test Case 'Test Cases/Demo/ConnectDatabase' successfully

2018-11-27 15:30:06 - [TEST_CASE][PASSED] - Test Cases/Demo/ConnectDatabase: Test Cases/Demo/ConnectDatabase

2018-11-27 15:30:06 - [TEST_STEP][PASSED] - demo.Database.connectDB: demo.Database.connectDB is PASSED

2018-11-27 15:30:28 - [MESSAGE][PASSED] - demo.Database.connectDB is PASSED

2018-11-27 15:30:28 - [MESSAGE][PASSED] - Call Test Case 'Test Cases/Demo/ConnectDatabase' successfully

2018-11-27 15:30:28 - [TEST_STEP][PASSED] - Statement - rs = CustomKeywords.demo.Database.executeQuery(query_message_from_db): demo.Database.executeQuery is PASSED

2018-11-27 15:30:28 - [MESSAGE][PASSED] - demo.Database.executeQuery is PASSED

2018-11-27 15:30:28 - [TEST_STEP][PASSED] - Statement - description = <not implemented yet for class: org.codehaus.groovy.ast.expr.EmptyExpression>: null

2018-11-27 15:30:28 - [TEST_STEP][PASSED] - Statement - While (rs.next()): null

2018-11-27 15:30:28 - [TEST_STEP][PASSED] - Statement - description = rs.getString(1): null

2018-11-27 15:30:28 - [TEST_STEP][PASSED] - Statement - println(description): null

2018-11-27 15:30:28 - [TEST_STEP][PASSED] - demo.Database.closeDatabaseConnection: demo.Database.closeDatabaseConnection is PASSED

2018-11-27 15:30:28 - [MESSAGE][PASSED] - demo.Database.closeDatabaseConnection is PASSED

2018-11-27 15:30:28 - [TEST_STEP][PASSED] - verifyTextPresent: Text 'Long_Nguyen tested Enter message' is present on page 

2018-11-27 15:30:28 - [MESSAGE][PASSED] - Text 'Long_Nguyen tested Enter message' is present on page 

2018-11-27 15:30:28 - [TEST_STEP][PASSED] - verifyElementText: Actual text and expected text of test object 'Object Repository/Demo/Textbox/message_show' are matched.

2018-11-27 15:30:29 - [MESSAGE][PASSED] - Actual text and expected text of test object 'Object Repository/Demo/Textbox/message_show' are matched.]]></system-out>
         <system-err><![CDATA[]]></system-err>
      </testcase>
      <system-out><![CDATA[2018-11-27 15:29:25 - [TEST_SUITE][PASSED] - Demo: Test Cases/Demo/Textbox]]></system-out>
      <system-err><![CDATA[]]></system-err>
   </testsuite>
</testsuites>
