<?xml version="1.0" encoding="UTF-8"?>
<testsuites name="DCM" time="40" tests="2" failures="0" errors="0">
   <testsuite name="DCM" tests="2" failures="0" errors="0" time="40" timestamp="2018-11-13 14:41:14" hostname="longnguyen - LONGNGUYEN.vodc.lan" id="Test Suites/DCM">
      <properties>
         <property name="deviceName" value=""/>
         <property name="devicePlatform" value=""/>
         <property name="logFolder" value="E:\\WORK\\Katalon_CURA Testproject\\Reports\\DCM\\20181113_144110"/>
         <property name="logFiles" value="E:\\WORK\\Katalon_CURA Testproject\\Reports\\DCM\\20181113_144110\\execution0.log"/>
         <property name="attachments" value=""/>
         <property name="hostName" value="longnguyen - LONGNGUYEN.vodc.lan"/>
         <property name="os" value="Windows 10 64bit"/>
         <property name="katalonVersion" value="5.8.6.1"/>
         <property name="browser" value="Chrome 70.0.3538.77"/>
         <property name="hostAddress" value="10.10.10.62"/>
         <property name="sessionId" value="8bec9365286ea1433bb849b1d6089054"/>
         <property name="seleniumVersion" value="3.7.1"/>
         <property name="proxyInformation" value="ProxyInformation{proxyOption=NO_PROXY, proxyServerType=HTTP, password=, proxyServerAddress=, proxyServerPort=0}"/>
         <property name="platform" value="Windows 10"/>
      </properties>
      <testcase name="Test Cases/DCM/Testcase01_VerifyLoginSuccessfully" classname="Test Cases/DCM/Testcase01_VerifyLoginSuccessfully" status="PASSED">
         <system-out><![CDATA[2018-11-13 14:41:15 - [TEST_CASE][PASSED] - Test Cases/DCM/Testcase01_VerifyLoginSuccessfully: Test Cases/DCM/Testcase01_VerifyLoginSuccessfully

2018-11-13 14:41:15 - [TEST_STEP][PASSED] - Start listener action : sampleBeforeTestCase: Invoke 'com.kms.katalon.core.annotation.BeforeTestCase' method: 'NewTestListener.sampleBeforeTestCase(...)' completed.

2018-11-13 14:41:15 - [TEST_STEP][PASSED] - Statement - println(testCaseContext.getTestCaseId()): null

2018-11-13 14:41:15 - [TEST_STEP][PASSED] - Statement - println(testCaseContext.getTestCaseVariables()): Invoke 'com.kms.katalon.core.annotation.BeforeTestCase' method: 'NewTestListener.sampleBeforeTestCase(...)' completed.

2018-11-13 14:41:15 - [TEST_STEP][PASSED] - openBrowser: Browser is opened with url: 'https://w2capl0051510.heb.com:20143/DCM_UI/'

2018-11-13 14:41:25 - [MESSAGE][PASSED] - Browser is opened with url: 'https://w2capl0051510.heb.com:20143/DCM_UI/'

2018-11-13 14:41:25 - [TEST_STEP][PASSED] - setText: Text 'p165114' is set on object 'Object Repository/DCM/Login_Obj/input_Cost and Deals_j_usernam'

2018-11-13 14:41:26 - [MESSAGE][PASSED] - Text 'p165114' is set on object 'Object Repository/DCM/Login_Obj/input_Cost and Deals_j_usernam'

2018-11-13 14:41:26 - [TEST_STEP][PASSED] - delay: Delayed 1 second(s)

2018-11-13 14:41:27 - [MESSAGE][PASSED] - Delayed 1 second(s)

2018-11-13 14:41:27 - [TEST_STEP][PASSED] - setEncryptedText: Text ****** has been set on object 'Object Repository/DCM/Login_Obj/input_Cost and Deals_j_passwor'

2018-11-13 14:41:29 - [MESSAGE][PASSED] - Text ****** has been set on object 'Object Repository/DCM/Login_Obj/input_Cost and Deals_j_passwor'

2018-11-13 14:41:29 - [TEST_STEP][PASSED] - delay: Delayed 1 second(s)

2018-11-13 14:41:30 - [MESSAGE][PASSED] - Delayed 1 second(s)

2018-11-13 14:41:30 - [TEST_STEP][PASSED] - click: Object: 'Object Repository/DCM/Login_Obj/button_Login' is clicked on

2018-11-13 14:41:37 - [MESSAGE][PASSED] - Object: 'Object Repository/DCM/Login_Obj/button_Login' is clicked on

2018-11-13 14:41:37 - [TEST_STEP][PASSED] - delay: Delayed 3 second(s)

2018-11-13 14:41:40 - [MESSAGE][PASSED] - Delayed 3 second(s)

2018-11-13 14:41:40 - [TEST_STEP][PASSED] - getWindowTitle: Current window's title is: 'Home - Cost and Deals'

2018-11-13 14:41:40 - [MESSAGE][PASSED] - Current window's title is: 'Home - Cost and Deals']]></system-out>
         <system-err><![CDATA[]]></system-err>
      </testcase>
      <testcase name="Test Cases/DCM/Testcase01_VerifyLoginSuccessfully" classname="Test Cases/DCM/Testcase01_VerifyLoginSuccessfully" status="PASSED">
         <system-out><![CDATA[2018-11-13 14:41:40 - [TEST_CASE][PASSED] - Test Cases/DCM/Testcase01_VerifyLoginSuccessfully: Test Cases/DCM/Testcase01_VerifyLoginSuccessfully

2018-11-13 14:41:40 - [TEST_STEP][PASSED] - Start listener action : sampleBeforeTestCase: Invoke 'com.kms.katalon.core.annotation.BeforeTestCase' method: 'NewTestListener.sampleBeforeTestCase(...)' completed.

2018-11-13 14:41:40 - [TEST_STEP][PASSED] - Statement - println(testCaseContext.getTestCaseId()): null

2018-11-13 14:41:40 - [TEST_STEP][PASSED] - Statement - println(testCaseContext.getTestCaseVariables()): Invoke 'com.kms.katalon.core.annotation.BeforeTestCase' method: 'NewTestListener.sampleBeforeTestCase(...)' completed.

2018-11-13 14:41:40 - [TEST_STEP][PASSED] - openBrowser: Browser is opened with url: 'https://w2capl0051510.heb.com:20143/DCM_UI/'

2018-11-13 14:41:40 - [MESSAGE][WARNING] - A browser is already opened. Closing browser and opening a new one

2018-11-13 14:41:48 - [MESSAGE][PASSED] - Browser is opened with url: 'https://w2capl0051510.heb.com:20143/DCM_UI/'

2018-11-13 14:41:48 - [TEST_STEP][PASSED] - setText: Text '9KzOjDimb7zsqjjOXXaQnQ==' is set on object 'Object Repository/DCM/Login_Obj/input_Cost and Deals_j_usernam'

2018-11-13 14:41:49 - [MESSAGE][PASSED] - Text '9KzOjDimb7zsqjjOXXaQnQ==' is set on object 'Object Repository/DCM/Login_Obj/input_Cost and Deals_j_usernam'

2018-11-13 14:41:49 - [TEST_STEP][PASSED] - delay: Delayed 1 second(s)

2018-11-13 14:41:50 - [MESSAGE][PASSED] - Delayed 1 second(s)

2018-11-13 14:41:50 - [TEST_STEP][PASSED] - setEncryptedText: Text ****** has been set on object 'Object Repository/DCM/Login_Obj/input_Cost and Deals_j_passwor'

2018-11-13 14:41:51 - [MESSAGE][PASSED] - Text ****** has been set on object 'Object Repository/DCM/Login_Obj/input_Cost and Deals_j_passwor'

2018-11-13 14:41:51 - [TEST_STEP][PASSED] - delay: Delayed 1 second(s)

2018-11-13 14:41:52 - [MESSAGE][PASSED] - Delayed 1 second(s)

2018-11-13 14:41:52 - [TEST_STEP][PASSED] - click: Object: 'Object Repository/DCM/Login_Obj/button_Login' is clicked on

2018-11-13 14:41:52 - [MESSAGE][PASSED] - Object: 'Object Repository/DCM/Login_Obj/button_Login' is clicked on

2018-11-13 14:41:52 - [TEST_STEP][PASSED] - delay: Delayed 3 second(s)

2018-11-13 14:41:55 - [MESSAGE][PASSED] - Delayed 3 second(s)

2018-11-13 14:41:55 - [TEST_STEP][PASSED] - getWindowTitle: Current window's title is: 'Login - Cost and Deals'

2018-11-13 14:41:55 - [MESSAGE][PASSED] - Current window's title is: 'Login - Cost and Deals']]></system-out>
         <system-err><![CDATA[]]></system-err>
      </testcase>
      <system-out><![CDATA[2018-11-13 14:41:14 - [TEST_SUITE][PASSED] - DCM: Test Cases/DCM/Testcase01_VerifyLoginSuccessfully]]></system-out>
      <system-err><![CDATA[]]></system-err>
   </testsuite>
</testsuites>
