<?xml version="1.0" encoding="UTF-8"?>
<testsuites name="Demo" time="39" tests="2" failures="0" errors="0">
   <testsuite name="Demo" tests="2" failures="0" errors="0" time="39" timestamp="2018-11-26 17:08:22" hostname="longnguyen - LONGNGUYEN.vodc.lan" id="Test Suites/Demo">
      <properties>
         <property name="deviceName" value=""/>
         <property name="devicePlatform" value=""/>
         <property name="logFolder" value="E:\\WORK\\Katalon_CURA Testproject\\Reports\\Demo\\20181126_170817"/>
         <property name="logFiles" value="E:\\WORK\\Katalon_CURA Testproject\\Reports\\Demo\\20181126_170817\\execution0.log"/>
         <property name="attachments" value=""/>
         <property name="hostName" value="longnguyen - LONGNGUYEN.vodc.lan"/>
         <property name="os" value="Windows 10 64bit"/>
         <property name="katalonVersion" value="5.8.6.1"/>
         <property name="browser" value="Chrome 70.0.3538.102"/>
         <property name="hostAddress" value="10.10.10.62"/>
         <property name="sessionId" value="b86b2e9b4fe785c3d1f6c7c499bb4938"/>
         <property name="seleniumVersion" value="3.7.1"/>
         <property name="proxyInformation" value="ProxyInformation{proxyOption=NO_PROXY, proxyServerType=HTTP, password=, proxyServerAddress=, proxyServerPort=0}"/>
         <property name="platform" value="Windows 10"/>
      </properties>
      <testcase name="Test Cases/Demo/Checkbox_Radiobox_Dropdown_Datepicker" classname="Test Cases/Demo/Checkbox_Radiobox_Dropdown_Datepicker" status="PASSED">
         <system-out><![CDATA[2018-11-26 17:08:23 - [TEST_CASE][PASSED] - Test Cases/Demo/Checkbox_Radiobox_Dropdown_Datepicker: Test Cases/Demo/Checkbox_Radiobox_Dropdown_Datepicker

2018-11-26 17:08:23 - [TEST_STEP][PASSED] - Start listener action : sampleBeforeTestCase: Invoke 'com.kms.katalon.core.annotation.BeforeTestCase' method: 'NewTestListener.sampleBeforeTestCase(...)' completed.

2018-11-26 17:08:23 - [TEST_STEP][PASSED] - Statement - println(testCaseContext.getTestCaseId()): null

2018-11-26 17:08:23 - [TEST_STEP][PASSED] - Statement - println(testCaseContext.getTestCaseVariables()): Invoke 'com.kms.katalon.core.annotation.BeforeTestCase' method: 'NewTestListener.sampleBeforeTestCase(...)' completed.

2018-11-26 17:08:24 - [TEST_STEP][PASSED] - callTestCase: Call Test Case 'Test Cases/Demo/Login' successfully

2018-11-26 17:08:24 - [TEST_CASE][PASSED] - Test Cases/Demo/Login: Test Cases/Demo/Login

2018-11-26 17:08:24 - [TEST_STEP][PASSED] - openBrowser: Browser is opened with url: ''

2018-11-26 17:08:33 - [MESSAGE][PASSED] - Browser is opened with url: ''

2018-11-26 17:08:33 - [TEST_STEP][PASSED] - navigateToUrl: Navigate to 'https://katalon-demo-cura.herokuapp.com/' successfully

2018-11-26 17:08:37 - [MESSAGE][PASSED] - Navigate to 'https://katalon-demo-cura.herokuapp.com/' successfully

2018-11-26 17:08:37 - [TEST_STEP][PASSED] - delay: Delayed 1 second(s)

2018-11-26 17:08:38 - [MESSAGE][PASSED] - Delayed 1 second(s)

2018-11-26 17:08:38 - [TEST_STEP][PASSED] - click: Object: 'Object Repository/Demo/Checkbox_Radiobox_Dropdown_Datepicker/a_Make Appointment' is clicked on

2018-11-26 17:08:39 - [MESSAGE][PASSED] - Object: 'Object Repository/Demo/Checkbox_Radiobox_Dropdown_Datepicker/a_Make Appointment' is clicked on

2018-11-26 17:08:39 - [TEST_STEP][PASSED] - delay: Delayed 1 second(s)

2018-11-26 17:08:40 - [MESSAGE][PASSED] - Delayed 1 second(s)

2018-11-26 17:08:40 - [TEST_STEP][PASSED] - setText: Text 'John Doe' is set on object 'Object Repository/Demo/Checkbox_Radiobox_Dropdown_Datepicker/input_Username_username'

2018-11-26 17:08:41 - [MESSAGE][PASSED] - Text 'John Doe' is set on object 'Object Repository/Demo/Checkbox_Radiobox_Dropdown_Datepicker/input_Username_username'

2018-11-26 17:08:41 - [TEST_STEP][PASSED] - delay: Delayed 1 second(s)

2018-11-26 17:08:42 - [MESSAGE][PASSED] - Delayed 1 second(s)

2018-11-26 17:08:42 - [TEST_STEP][PASSED] - setEncryptedText: Text ****** has been set on object 'Object Repository/Demo/Checkbox_Radiobox_Dropdown_Datepicker/input_Password_password'

2018-11-26 17:08:43 - [MESSAGE][PASSED] - Text ****** has been set on object 'Object Repository/Demo/Checkbox_Radiobox_Dropdown_Datepicker/input_Password_password'

2018-11-26 17:08:43 - [TEST_STEP][PASSED] - delay: Delayed 1 second(s)

2018-11-26 17:08:44 - [MESSAGE][PASSED] - Delayed 1 second(s)

2018-11-26 17:08:44 - [TEST_STEP][PASSED] - click: Object: 'Object Repository/Demo/Checkbox_Radiobox_Dropdown_Datepicker/button_Login' is clicked on

2018-11-26 17:08:47 - [MESSAGE][PASSED] - Object: 'Object Repository/Demo/Checkbox_Radiobox_Dropdown_Datepicker/button_Login' is clicked on

2018-11-26 17:08:47 - [TEST_STEP][PASSED] - delay: Delayed 1 second(s)

2018-11-26 17:08:48 - [MESSAGE][PASSED] - Delayed 1 second(s)

2018-11-26 17:08:48 - [MESSAGE][PASSED] - Call Test Case 'Test Cases/Demo/Login' successfully

2018-11-26 17:08:48 - [TEST_STEP][PASSED] - selectOptionByValue: All options with value 'Seoul CURA Healthcare Center' are selected in object 'Object Repository/Demo/Checkbox_Radiobox_Dropdown_Datepicker/select_Tokyo CURA Healthcare C'  using regular expression

2018-11-26 17:08:48 - [MESSAGE][PASSED] - All options with value 'Seoul CURA Healthcare Center' are selected in object 'Object Repository/Demo/Checkbox_Radiobox_Dropdown_Datepicker/select_Tokyo CURA Healthcare C'  using regular expression

2018-11-26 17:08:48 - [TEST_STEP][PASSED] - delay: Delayed 1 second(s)

2018-11-26 17:08:49 - [MESSAGE][PASSED] - Delayed 1 second(s)

2018-11-26 17:08:49 - [TEST_STEP][PASSED] - check: Object 'Object Repository/Demo/Checkbox_Radiobox_Dropdown_Datepicker/input_Apply for hospital readm' is checked

2018-11-26 17:08:50 - [MESSAGE][PASSED] - Object 'Object Repository/Demo/Checkbox_Radiobox_Dropdown_Datepicker/input_Apply for hospital readm' is checked

2018-11-26 17:08:50 - [TEST_STEP][PASSED] - delay: Delayed 1 second(s)

2018-11-26 17:08:51 - [MESSAGE][PASSED] - Delayed 1 second(s)

2018-11-26 17:08:51 - [TEST_STEP][PASSED] - verifyElementChecked: Object 'Object Repository/Demo/Checkbox_Radiobox_Dropdown_Datepicker/input_Apply for hospital readm' is checked

2018-11-26 17:08:51 - [MESSAGE][PASSED] - Object 'Object Repository/Demo/Checkbox_Radiobox_Dropdown_Datepicker/input_Apply for hospital readm' is checked

2018-11-26 17:08:51 - [TEST_STEP][PASSED] - delay: Delayed 1 second(s)

2018-11-26 17:08:52 - [MESSAGE][PASSED] - Delayed 1 second(s)

2018-11-26 17:08:52 - [TEST_STEP][PASSED] - check: Object 'Object Repository/Demo/Checkbox_Radiobox_Dropdown_Datepicker/input_Medicaid_programs' is checked

2018-11-26 17:08:52 - [MESSAGE][PASSED] - Object 'Object Repository/Demo/Checkbox_Radiobox_Dropdown_Datepicker/input_Medicaid_programs' is checked

2018-11-26 17:08:52 - [TEST_STEP][PASSED] - delay: Delayed 1 second(s)

2018-11-26 17:08:53 - [MESSAGE][PASSED] - Delayed 1 second(s)

2018-11-26 17:08:53 - [TEST_STEP][PASSED] - verifyElementChecked: Object 'Object Repository/Demo/Checkbox_Radiobox_Dropdown_Datepicker/input_Medicaid_programs' is checked

2018-11-26 17:08:53 - [MESSAGE][PASSED] - Object 'Object Repository/Demo/Checkbox_Radiobox_Dropdown_Datepicker/input_Medicaid_programs' is checked

2018-11-26 17:08:53 - [TEST_STEP][PASSED] - delay: Delayed 1 second(s)

2018-11-26 17:08:54 - [MESSAGE][PASSED] - Delayed 1 second(s)

2018-11-26 17:08:54 - [TEST_STEP][PASSED] - setText: Text '28/11/2018' is set on object 'Object Repository/Demo/Checkbox_Radiobox_Dropdown_Datepicker/td_28'

2018-11-26 17:08:55 - [MESSAGE][PASSED] - Text '28/11/2018' is set on object 'Object Repository/Demo/Checkbox_Radiobox_Dropdown_Datepicker/td_28'

2018-11-26 17:08:55 - [TEST_STEP][PASSED] - delay: Delayed 1 second(s)

2018-11-26 17:08:56 - [MESSAGE][PASSED] - Delayed 1 second(s)

2018-11-26 17:08:56 - [TEST_STEP][PASSED] - Statement - datepicker_value = com.kms.katalon.core.webui.keyword.WebUiBuiltInKeywords.getAttribute(com.kms.katalon.core.testobject.ObjectRepository.findTestObject(Object Repository/Demo/Checkbox_Radiobox_Dropdown_Datepicker/td_28), "value", CONTINUE_ON_FAILURE): Attribute 'value' of object 'Object Repository/Demo/Checkbox_Radiobox_Dropdown_Datepicker/td_28' is: '28/11/2018'

2018-11-26 17:08:56 - [MESSAGE][PASSED] - Attribute 'value' of object 'Object Repository/Demo/Checkbox_Radiobox_Dropdown_Datepicker/td_28' is: '28/11/2018'

2018-11-26 17:08:56 - [TEST_STEP][PASSED] - Statement - println(datepicker_value): null

2018-11-26 17:08:56 - [TEST_STEP][PASSED] - delay: Delayed 1 second(s)

2018-11-26 17:08:57 - [MESSAGE][PASSED] - Delayed 1 second(s)

2018-11-26 17:08:57 - [TEST_STEP][PASSED] - setText: Text 'Long test' is set on object 'Object Repository/Demo/Checkbox_Radiobox_Dropdown_Datepicker/textarea_Comment_comment'

2018-11-26 17:08:58 - [MESSAGE][PASSED] - Text 'Long test' is set on object 'Object Repository/Demo/Checkbox_Radiobox_Dropdown_Datepicker/textarea_Comment_comment'

2018-11-26 17:08:58 - [TEST_STEP][PASSED] - click: Object: 'Object Repository/Demo/Checkbox_Radiobox_Dropdown_Datepicker/button_Book Appointment' is clicked on

2018-11-26 17:09:00 - [MESSAGE][PASSED] - Object: 'Object Repository/Demo/Checkbox_Radiobox_Dropdown_Datepicker/button_Book Appointment' is clicked on]]></system-out>
         <system-err><![CDATA[]]></system-err>
      </testcase>
      <testcase name="Test Cases/Demo/GotoHomepage" classname="Test Cases/Demo/GotoHomepage" status="PASSED">
         <system-out><![CDATA[2018-11-26 17:09:00 - [TEST_CASE][PASSED] - Test Cases/Demo/GotoHomepage: Test Cases/Demo/GotoHomepage

2018-11-26 17:09:00 - [TEST_STEP][PASSED] - Start listener action : sampleBeforeTestCase: Invoke 'com.kms.katalon.core.annotation.BeforeTestCase' method: 'NewTestListener.sampleBeforeTestCase(...)' completed.

2018-11-26 17:09:00 - [TEST_STEP][PASSED] - Statement - println(testCaseContext.getTestCaseId()): null

2018-11-26 17:09:00 - [TEST_STEP][PASSED] - Statement - println(testCaseContext.getTestCaseVariables()): Invoke 'com.kms.katalon.core.annotation.BeforeTestCase' method: 'NewTestListener.sampleBeforeTestCase(...)' completed.

2018-11-26 17:09:00 - [TEST_STEP][PASSED] - click: Object: 'Object Repository/Demo/Checkbox_Radiobox_Dropdown_Datepicker/gotohomepage' is clicked on

2018-11-26 17:09:01 - [MESSAGE][PASSED] - Object: 'Object Repository/Demo/Checkbox_Radiobox_Dropdown_Datepicker/gotohomepage' is clicked on]]></system-out>
         <system-err><![CDATA[]]></system-err>
      </testcase>
      <system-out><![CDATA[2018-11-26 17:08:22 - [TEST_SUITE][PASSED] - Demo: Test Cases/Demo/GotoHomepage]]></system-out>
      <system-err><![CDATA[]]></system-err>
   </testsuite>
</testsuites>
